[ 2016-04-10T09:02:50+08:00 ] 127.0.0.1 /WCP/Home/Program/Object/main
INFO: [ app_init ] --START--
INFO: Run Behavior\BuildLiteBehavior [ RunTime:0.001019s ]
INFO: [ app_init ] --END-- [ RunTime:0.023800s ]
INFO: [ app_begin ] --START--
INFO: Run Behavior\ReadHtmlCacheBehavior [ RunTime:0.005476s ]
INFO: [ app_begin ] --END-- [ RunTime:0.011193s ]
INFO: [ app_end ] --START--
INFO: Run Behavior\ShowPageTraceBehavior [ RunTime:0.005478s ]
INFO: [ app_end ] --END-- [ RunTime:0.011927s ]

[ 2016-04-10T09:03:00+08:00 ] 127.0.0.1 /WCP/Home/Program/Object/main
INFO: [ app_init ] --START--
INFO: Run Behavior\BuildLiteBehavior [ RunTime:0.000255s ]
INFO: [ app_init ] --END-- [ RunTime:0.002615s ]
INFO: [ app_begin ] --START--
INFO: Run Behavior\ReadHtmlCacheBehavior [ RunTime:0.001339s ]
INFO: [ app_begin ] --END-- [ RunTime:0.002808s ]
INFO: [ app_end ] --START--
INFO: Run Behavior\ShowPageTraceBehavior [ RunTime:0.001352s ]
INFO: [ app_end ] --END-- [ RunTime:0.002869s ]

[ 2016-04-10T09:03:01+08:00 ] 127.0.0.1 /WCP/Home/Program/Object/main
INFO: [ app_init ] --START--
INFO: Run Behavior\BuildLiteBehavior [ RunTime:0.000437s ]
INFO: [ app_init ] --END-- [ RunTime:0.003799s ]
INFO: [ app_begin ] --START--
INFO: Run Behavior\ReadHtmlCacheBehavior [ RunTime:0.001562s ]
INFO: [ app_begin ] --END-- [ RunTime:0.003822s ]
INFO: [ app_end ] --START--
INFO: Run Behavior\ShowPageTraceBehavior [ RunTime:0.001347s ]
INFO: [ app_end ] --END-- [ RunTime:0.002952s ]

[ 2016-04-10T09:06:33+08:00 ] 127.0.0.1 /WCP/Home/Program/Object/main
INFO: [ app_init ] --START--
INFO: Run Behavior\BuildLiteBehavior [ RunTime:0.000296s ]
INFO: [ app_init ] --END-- [ RunTime:0.003057s ]
INFO: [ app_begin ] --START--
INFO: Run Behavior\ReadHtmlCacheBehavior [ RunTime:0.001518s ]
INFO: [ app_begin ] --END-- [ RunTime:0.003052s ]
INFO: [ app_end ] --START--
INFO: Run Behavior\ShowPageTraceBehavior [ RunTime:0.001370s ]
INFO: [ app_end ] --END-- [ RunTime:0.002907s ]

[ 2016-04-10T09:06:34+08:00 ] 127.0.0.1 /WCP/Home/Program/Object/main
INFO: [ app_init ] --START--
INFO: Run Behavior\BuildLiteBehavior [ RunTime:0.000254s ]
INFO: [ app_init ] --END-- [ RunTime:0.002560s ]
INFO: [ app_begin ] --START--
INFO: Run Behavior\ReadHtmlCacheBehavior [ RunTime:0.001379s ]
INFO: [ app_begin ] --END-- [ RunTime:0.002852s ]
INFO: [ app_end ] --START--
INFO: Run Behavior\ShowPageTraceBehavior [ RunTime:0.001349s ]
INFO: [ app_end ] --END-- [ RunTime:0.002765s ]

[ 2016-04-10T09:06:41+08:00 ] 127.0.0.1 /WCP/Home/Program/Object/main
INFO: [ app_init ] --START--
INFO: Run Behavior\BuildLiteBehavior [ RunTime:0.000255s ]
INFO: [ app_init ] --END-- [ RunTime:0.002251s ]
INFO: [ app_begin ] --START--
INFO: Run Behavior\ReadHtmlCacheBehavior [ RunTime:0.001448s ]
INFO: [ app_begin ] --END-- [ RunTime:0.003083s ]
INFO: [ app_end ] --START--
INFO: Run Behavior\ShowPageTraceBehavior [ RunTime:0.001404s ]
INFO: [ app_end ] --END-- [ RunTime:0.003409s ]

[ 2016-04-10T09:06:42+08:00 ] 127.0.0.1 /WCP/Home/Program/Object/main
INFO: [ app_init ] --START--
INFO: Run Behavior\BuildLiteBehavior [ RunTime:0.000272s ]
INFO: [ app_init ] --END-- [ RunTime:0.002472s ]
INFO: [ app_begin ] --START--
INFO: Run Behavior\ReadHtmlCacheBehavior [ RunTime:0.001458s ]
INFO: [ app_begin ] --END-- [ RunTime:0.003083s ]
INFO: [ app_end ] --START--
INFO: Run Behavior\ShowPageTraceBehavior [ RunTime:0.001370s ]
INFO: [ app_end ] --END-- [ RunTime:0.002870s ]

[ 2016-04-10T09:06:43+08:00 ] 127.0.0.1 /WCP/Home/Program/Object/main
INFO: [ app_init ] --START--
INFO: Run Behavior\BuildLiteBehavior [ RunTime:0.000369s ]
INFO: [ app_init ] --END-- [ RunTime:0.003350s ]
INFO: [ app_begin ] --START--
INFO: Run Behavior\ReadHtmlCacheBehavior [ RunTime:0.001596s ]
INFO: [ app_begin ] --END-- [ RunTime:0.003453s ]
INFO: [ app_end ] --START--
INFO: Run Behavior\ShowPageTraceBehavior [ RunTime:0.001350s ]
INFO: [ app_end ] --END-- [ RunTime:0.002837s ]

[ 2016-04-10T09:23:37+08:00 ] 127.0.0.1 /WCP/Home/Program/Object/main
INFO: [ app_init ] --START--
INFO: Run Behavior\BuildLiteBehavior [ RunTime:0.000883s ]
INFO: [ app_init ] --END-- [ RunTime:0.007853s ]
INFO: [ app_begin ] --START--
INFO: Run Behavior\ReadHtmlCacheBehavior [ RunTime:0.003669s ]
INFO: [ app_begin ] --END-- [ RunTime:0.008438s ]
INFO: [ app_end ] --START--
INFO: Run Behavior\ShowPageTraceBehavior [ RunTime:0.003479s ]
INFO: [ app_end ] --END-- [ RunTime:0.008749s ]

[ 2016-04-10T09:23:38+08:00 ] 127.0.0.1 /WCP/Home/Program/Object/main
INFO: [ app_init ] --START--
INFO: Run Behavior\BuildLiteBehavior [ RunTime:0.000257s ]
INFO: [ app_init ] --END-- [ RunTime:0.002393s ]
INFO: [ app_begin ] --START--
INFO: Run Behavior\ReadHtmlCacheBehavior [ RunTime:0.001355s ]
INFO: [ app_begin ] --END-- [ RunTime:0.002872s ]
INFO: [ app_end ] --START--
INFO: Run Behavior\ShowPageTraceBehavior [ RunTime:0.001504s ]
INFO: [ app_end ] --END-- [ RunTime:0.003308s ]

[ 2016-04-10T09:23:40+08:00 ] 127.0.0.1 /WCP/Home/Program/Object/main
INFO: [ app_init ] --START--
INFO: Run Behavior\BuildLiteBehavior [ RunTime:0.000261s ]
INFO: [ app_init ] --END-- [ RunTime:0.002822s ]
INFO: [ app_begin ] --START--
INFO: Run Behavior\ReadHtmlCacheBehavior [ RunTime:0.001411s ]
INFO: [ app_begin ] --END-- [ RunTime:0.002918s ]
INFO: [ app_end ] --START--
INFO: Run Behavior\ShowPageTraceBehavior [ RunTime:0.001343s ]
INFO: [ app_end ] --END-- [ RunTime:0.002836s ]

[ 2016-04-10T09:23:41+08:00 ] 127.0.0.1 /WCP/Home/Program/Object/main
INFO: [ app_init ] --START--
INFO: Run Behavior\BuildLiteBehavior [ RunTime:0.000254s ]
INFO: [ app_init ] --END-- [ RunTime:0.002391s ]
INFO: [ app_begin ] --START--
INFO: Run Behavior\ReadHtmlCacheBehavior [ RunTime:0.001410s ]
INFO: [ app_begin ] --END-- [ RunTime:0.003049s ]
INFO: [ app_end ] --START--
INFO: Run Behavior\ShowPageTraceBehavior [ RunTime:0.001339s ]
INFO: [ app_end ] --END-- [ RunTime:0.002835s ]

[ 2016-04-10T09:23:49+08:00 ] 127.0.0.1 /WCP/Home/Program/Object/main
INFO: [ app_init ] --START--
INFO: Run Behavior\BuildLiteBehavior [ RunTime:0.000318s ]
INFO: [ app_init ] --END-- [ RunTime:0.002735s ]
INFO: [ app_begin ] --START--
INFO: Run Behavior\ReadHtmlCacheBehavior [ RunTime:0.001751s ]
INFO: [ app_begin ] --END-- [ RunTime:0.004128s ]
INFO: [ app_end ] --START--
INFO: Run Behavior\ShowPageTraceBehavior [ RunTime:0.001336s ]
INFO: [ app_end ] --END-- [ RunTime:0.002828s ]

[ 2016-04-10T09:23:51+08:00 ] 127.0.0.1 /WCP/Home/Program/Object/main
INFO: [ app_init ] --START--
INFO: Run Behavior\BuildLiteBehavior [ RunTime:0.000857s ]
INFO: [ app_init ] --END-- [ RunTime:0.006309s ]
INFO: [ app_begin ] --START--
INFO: Run Behavior\ReadHtmlCacheBehavior [ RunTime:0.004701s ]
INFO: [ app_begin ] --END-- [ RunTime:0.010066s ]
INFO: [ app_end ] --START--
INFO: Run Behavior\ShowPageTraceBehavior [ RunTime:0.003136s ]
INFO: [ app_end ] --END-- [ RunTime:0.006925s ]

[ 2016-04-10T09:24:35+08:00 ] 127.0.0.1 /WCP/Home/Program/Object/main
INFO: [ app_init ] --START--
INFO: Run Behavior\BuildLiteBehavior [ RunTime:0.000256s ]
INFO: [ app_init ] --END-- [ RunTime:0.002315s ]
INFO: [ app_begin ] --START--
INFO: Run Behavior\ReadHtmlCacheBehavior [ RunTime:0.001327s ]
INFO: [ app_begin ] --END-- [ RunTime:0.002843s ]
INFO: [ app_end ] --START--
INFO: Run Behavior\ShowPageTraceBehavior [ RunTime:0.001618s ]
INFO: [ app_end ] --END-- [ RunTime:0.003353s ]

[ 2016-04-10T09:35:39+08:00 ] 127.0.0.1 /WCP/Home/Program/Object/main
INFO: [ app_init ] --START--
INFO: Run Behavior\BuildLiteBehavior [ RunTime:0.000259s ]
INFO: [ app_init ] --END-- [ RunTime:0.002438s ]
INFO: [ app_begin ] --START--
INFO: Run Behavior\ReadHtmlCacheBehavior [ RunTime:0.001522s ]
INFO: [ app_begin ] --END-- [ RunTime:0.003083s ]
INFO: [ app_end ] --START--
INFO: Run Behavior\ShowPageTraceBehavior [ RunTime:0.001494s ]
INFO: [ app_end ] --END-- [ RunTime:0.003439s ]

[ 2016-04-10T09:36:02+08:00 ] 127.0.0.1 /WCP/Home/Program/Object/main
INFO: [ app_init ] --START--
INFO: Run Behavior\BuildLiteBehavior [ RunTime:0.000258s ]
INFO: [ app_init ] --END-- [ RunTime:0.002540s ]
INFO: [ app_begin ] --START--
INFO: Run Behavior\ReadHtmlCacheBehavior [ RunTime:0.001459s ]
INFO: [ app_begin ] --END-- [ RunTime:0.003037s ]
INFO: [ app_end ] --START--
INFO: Run Behavior\ShowPageTraceBehavior [ RunTime:0.002019s ]
INFO: [ app_end ] --END-- [ RunTime:0.003581s ]

[ 2016-04-10T09:38:42+08:00 ] 127.0.0.1 /WCP/Home/Program/Object/main
INFO: [ app_init ] --START--
INFO: Run Behavior\BuildLiteBehavior [ RunTime:0.000258s ]
INFO: [ app_init ] --END-- [ RunTime:0.002567s ]
INFO: [ app_begin ] --START--
INFO: Run Behavior\ReadHtmlCacheBehavior [ RunTime:0.001586s ]
INFO: [ app_begin ] --END-- [ RunTime:0.003368s ]
INFO: [ app_end ] --START--
INFO: Run Behavior\ShowPageTraceBehavior [ RunTime:0.001466s ]
INFO: [ app_end ] --END-- [ RunTime:0.002958s ]

[ 2016-04-10T09:38:43+08:00 ] 127.0.0.1 /WCP/Home/Program/Object/main
INFO: [ app_init ] --START--
INFO: Run Behavior\BuildLiteBehavior [ RunTime:0.000256s ]
INFO: [ app_init ] --END-- [ RunTime:0.002421s ]
INFO: [ app_begin ] --START--
INFO: Run Behavior\ReadHtmlCacheBehavior [ RunTime:0.001448s ]
INFO: [ app_begin ] --END-- [ RunTime:0.003029s ]
INFO: [ app_end ] --START--
INFO: Run Behavior\ShowPageTraceBehavior [ RunTime:0.001425s ]
INFO: [ app_end ] --END-- [ RunTime:0.002856s ]

[ 2016-04-10T09:38:44+08:00 ] 127.0.0.1 /WCP/Home/Program/Object/main
INFO: [ app_init ] --START--
INFO: Run Behavior\BuildLiteBehavior [ RunTime:0.000258s ]
INFO: [ app_init ] --END-- [ RunTime:0.002378s ]
INFO: [ app_begin ] --START--
INFO: Run Behavior\ReadHtmlCacheBehavior [ RunTime:0.001437s ]
INFO: [ app_begin ] --END-- [ RunTime:0.003062s ]
INFO: [ app_end ] --START--
INFO: Run Behavior\ShowPageTraceBehavior [ RunTime:0.001357s ]
INFO: [ app_end ] --END-- [ RunTime:0.002806s ]

[ 2016-04-10T09:47:45+08:00 ] 127.0.0.1 /WCP/Home/Program/Object/main
INFO: [ app_init ] --START--
INFO: Run Behavior\BuildLiteBehavior [ RunTime:0.000255s ]
INFO: [ app_init ] --END-- [ RunTime:0.002408s ]
INFO: [ app_begin ] --START--
INFO: Run Behavior\ReadHtmlCacheBehavior [ RunTime:0.001492s ]
INFO: [ app_begin ] --END-- [ RunTime:0.003052s ]
INFO: [ app_end ] --START--
INFO: Run Behavior\ShowPageTraceBehavior [ RunTime:0.001432s ]
INFO: [ app_end ] --END-- [ RunTime:0.002916s ]

[ 2016-04-10T09:48:05+08:00 ] 127.0.0.1 /WCP/Home/Program/Object/main
INFO: [ app_init ] --START--
INFO: Run Behavior\BuildLiteBehavior [ RunTime:0.000272s ]
INFO: [ app_init ] --END-- [ RunTime:0.002390s ]
INFO: [ app_begin ] --START--
INFO: Run Behavior\ReadHtmlCacheBehavior [ RunTime:0.001374s ]
INFO: [ app_begin ] --END-- [ RunTime:0.002868s ]
INFO: [ app_end ] --START--
INFO: Run Behavior\ShowPageTraceBehavior [ RunTime:0.001310s ]
INFO: [ app_end ] --END-- [ RunTime:0.003035s ]

[ 2016-04-10T09:48:06+08:00 ] 127.0.0.1 /WCP/Home/Program/Object/main
INFO: [ app_init ] --START--
INFO: Run Behavior\BuildLiteBehavior [ RunTime:0.000260s ]
INFO: [ app_init ] --END-- [ RunTime:0.002593s ]
INFO: [ app_begin ] --START--
INFO: Run Behavior\ReadHtmlCacheBehavior [ RunTime:0.001587s ]
INFO: [ app_begin ] --END-- [ RunTime:0.003245s ]
INFO: [ app_end ] --START--
INFO: Run Behavior\ShowPageTraceBehavior [ RunTime:0.001342s ]
INFO: [ app_end ] --END-- [ RunTime:0.002835s ]

[ 2016-04-10T09:48:14+08:00 ] 127.0.0.1 /WCP/Home/Program/Object/main
INFO: [ app_init ] --START--
INFO: Run Behavior\BuildLiteBehavior [ RunTime:0.000693s ]
INFO: [ app_init ] --END-- [ RunTime:0.003555s ]
INFO: [ app_begin ] --START--
INFO: Run Behavior\ReadHtmlCacheBehavior [ RunTime:0.001638s ]
INFO: [ app_begin ] --END-- [ RunTime:0.003197s ]
INFO: [ app_end ] --START--
INFO: Run Behavior\ShowPageTraceBehavior [ RunTime:0.001390s ]
INFO: [ app_end ] --END-- [ RunTime:0.002988s ]

[ 2016-04-10T09:48:15+08:00 ] 127.0.0.1 /WCP/Home/Program/Object/main
INFO: [ app_init ] --START--
INFO: Run Behavior\BuildLiteBehavior [ RunTime:0.000286s ]
INFO: [ app_init ] --END-- [ RunTime:0.002497s ]
INFO: [ app_begin ] --START--
INFO: Run Behavior\ReadHtmlCacheBehavior [ RunTime:0.001346s ]
INFO: [ app_begin ] --END-- [ RunTime:0.002910s ]
INFO: [ app_end ] --START--
INFO: Run Behavior\ShowPageTraceBehavior [ RunTime:0.001354s ]
INFO: [ app_end ] --END-- [ RunTime:0.002832s ]

[ 2016-04-10T10:18:50+08:00 ] 127.0.0.1 /WCP/Home/Program/Inherit/main
INFO: [ app_init ] --START--
INFO: Run Behavior\BuildLiteBehavior [ RunTime:0.000271s ]
INFO: [ app_init ] --END-- [ RunTime:0.002353s ]
INFO: [ app_begin ] --START--
INFO: Run Behavior\ReadHtmlCacheBehavior [ RunTime:0.001452s ]
INFO: [ app_begin ] --END-- [ RunTime:0.003058s ]
INFO: [ app_end ] --START--
INFO: Run Behavior\ShowPageTraceBehavior [ RunTime:0.001962s ]
INFO: [ app_end ] --END-- [ RunTime:0.004094s ]

[ 2016-04-10T10:18:54+08:00 ] 127.0.0.1 /WCP/Home/Program/Inherit/main
INFO: [ app_init ] --START--
INFO: Run Behavior\BuildLiteBehavior [ RunTime:0.000260s ]
INFO: [ app_init ] --END-- [ RunTime:0.002309s ]
INFO: [ app_begin ] --START--
INFO: Run Behavior\ReadHtmlCacheBehavior [ RunTime:0.001338s ]
INFO: [ app_begin ] --END-- [ RunTime:0.002893s ]
INFO: [ app_end ] --START--
INFO: Run Behavior\ShowPageTraceBehavior [ RunTime:0.001344s ]
INFO: [ app_end ] --END-- [ RunTime:0.002853s ]

[ 2016-04-10T10:19:42+08:00 ] 127.0.0.1 /WCP/Home/Program/Inherit/main
INFO: [ app_init ] --START--
INFO: Run Behavior\BuildLiteBehavior [ RunTime:0.000290s ]
INFO: [ app_init ] --END-- [ RunTime:0.002369s ]
INFO: [ app_begin ] --START--
INFO: Run Behavior\ReadHtmlCacheBehavior [ RunTime:0.001368s ]
INFO: [ app_begin ] --END-- [ RunTime:0.003011s ]
INFO: [ app_end ] --START--
INFO: Run Behavior\ShowPageTraceBehavior [ RunTime:0.001604s ]
INFO: [ app_end ] --END-- [ RunTime:0.003655s ]

[ 2016-04-10T10:21:16+08:00 ] 127.0.0.1 /WCP/Home/Program/Inherit/main
INFO: [ app_init ] --START--
INFO: Run Behavior\BuildLiteBehavior [ RunTime:0.000246s ]
INFO: [ app_init ] --END-- [ RunTime:0.002350s ]
INFO: [ app_begin ] --START--
INFO: Run Behavior\ReadHtmlCacheBehavior [ RunTime:0.001320s ]
INFO: [ app_begin ] --END-- [ RunTime:0.002982s ]
INFO: [ app_end ] --START--
INFO: Run Behavior\ShowPageTraceBehavior [ RunTime:0.001397s ]
INFO: [ app_end ] --END-- [ RunTime:0.002836s ]

[ 2016-04-10T10:27:31+08:00 ] 127.0.0.1 /WCP/Home/Program/Inherit/main
INFO: [ app_init ] --START--
INFO: Run Behavior\BuildLiteBehavior [ RunTime:0.000254s ]
INFO: [ app_init ] --END-- [ RunTime:0.002494s ]
INFO: [ app_begin ] --START--
INFO: Run Behavior\ReadHtmlCacheBehavior [ RunTime:0.002228s ]
INFO: [ app_begin ] --END-- [ RunTime:0.004302s ]
INFO: [ app_end ] --START--
INFO: Run Behavior\ShowPageTraceBehavior [ RunTime:0.001414s ]
INFO: [ app_end ] --END-- [ RunTime:0.002807s ]

[ 2016-04-10T10:33:41+08:00 ] 127.0.0.1 /WCP/Home/Program/Inherit/main
INFO: [ app_init ] --START--
INFO: Run Behavior\BuildLiteBehavior [ RunTime:0.000291s ]
INFO: [ app_init ] --END-- [ RunTime:0.002383s ]
INFO: [ app_begin ] --START--
INFO: Run Behavior\ReadHtmlCacheBehavior [ RunTime:0.001435s ]
INFO: [ app_begin ] --END-- [ RunTime:0.003038s ]
INFO: [ app_end ] --START--
INFO: Run Behavior\ShowPageTraceBehavior [ RunTime:0.001379s ]
INFO: [ app_end ] --END-- [ RunTime:0.002748s ]

[ 2016-04-10T10:35:13+08:00 ] 127.0.0.1 /WCP/Home/Program/Inherit/main
INFO: [ app_init ] --START--
INFO: Run Behavior\BuildLiteBehavior [ RunTime:0.000290s ]
INFO: [ app_init ] --END-- [ RunTime:0.002376s ]
INFO: [ app_begin ] --START--
INFO: Run Behavior\ReadHtmlCacheBehavior [ RunTime:0.001347s ]
INFO: [ app_begin ] --END-- [ RunTime:0.002857s ]

[ 2016-04-10T10:35:23+08:00 ] 127.0.0.1 /WCP/Home/Program/Inherit/main
INFO: [ app_init ] --START--
INFO: Run Behavior\BuildLiteBehavior [ RunTime:0.000250s ]
INFO: [ app_init ] --END-- [ RunTime:0.002293s ]
INFO: [ app_begin ] --START--
INFO: Run Behavior\ReadHtmlCacheBehavior [ RunTime:0.001239s ]
INFO: [ app_begin ] --END-- [ RunTime:0.002818s ]

[ 2016-04-10T10:35:24+08:00 ] 127.0.0.1 /WCP/Home/Program/Inherit/main
INFO: [ app_init ] --START--
INFO: Run Behavior\BuildLiteBehavior [ RunTime:0.000300s ]
INFO: [ app_init ] --END-- [ RunTime:0.002380s ]
INFO: [ app_begin ] --START--
INFO: Run Behavior\ReadHtmlCacheBehavior [ RunTime:0.001508s ]
INFO: [ app_begin ] --END-- [ RunTime:0.003063s ]
INFO: [ app_end ] --START--
INFO: Run Behavior\ShowPageTraceBehavior [ RunTime:0.001373s ]
INFO: [ app_end ] --END-- [ RunTime:0.002807s ]

[ 2016-04-10T10:47:02+08:00 ] 127.0.0.1 /WCP/Home/Program/Inherit/main
INFO: [ app_init ] --START--
INFO: Run Behavior\BuildLiteBehavior [ RunTime:0.000269s ]
INFO: [ app_init ] --END-- [ RunTime:0.003370s ]
INFO: [ app_begin ] --START--
INFO: Run Behavior\ReadHtmlCacheBehavior [ RunTime:0.001604s ]
INFO: [ app_begin ] --END-- [ RunTime:0.003553s ]
INFO: [ app_end ] --START--
INFO: Run Behavior\ShowPageTraceBehavior [ RunTime:0.001408s ]
INFO: [ app_end ] --END-- [ RunTime:0.003019s ]

[ 2016-04-10T10:47:03+08:00 ] 127.0.0.1 /WCP/Home/Program/Inherit/main
INFO: [ app_init ] --START--
INFO: Run Behavior\BuildLiteBehavior [ RunTime:0.000282s ]
INFO: [ app_init ] --END-- [ RunTime:0.002263s ]
INFO: [ app_begin ] --START--
INFO: Run Behavior\ReadHtmlCacheBehavior [ RunTime:0.001326s ]
INFO: [ app_begin ] --END-- [ RunTime:0.002904s ]
INFO: [ app_end ] --START--
INFO: Run Behavior\ShowPageTraceBehavior [ RunTime:0.001346s ]
INFO: [ app_end ] --END-- [ RunTime:0.002914s ]

[ 2016-04-10T10:47:47+08:00 ] 127.0.0.1 /WCP/Home/Program/Inherit/main
INFO: [ app_init ] --START--
INFO: Run Behavior\BuildLiteBehavior [ RunTime:0.000255s ]
INFO: [ app_init ] --END-- [ RunTime:0.002386s ]
INFO: [ app_begin ] --START--
INFO: Run Behavior\ReadHtmlCacheBehavior [ RunTime:0.001609s ]
INFO: [ app_begin ] --END-- [ RunTime:0.003833s ]
INFO: [ app_end ] --START--
INFO: Run Behavior\ShowPageTraceBehavior [ RunTime:0.001720s ]
INFO: [ app_end ] --END-- [ RunTime:0.003692s ]

[ 2016-04-10T10:47:48+08:00 ] 127.0.0.1 /WCP/Home/Program/Inherit/main
INFO: [ app_init ] --START--
INFO: Run Behavior\BuildLiteBehavior [ RunTime:0.000275s ]
INFO: [ app_init ] --END-- [ RunTime:0.002438s ]
INFO: [ app_begin ] --START--
INFO: Run Behavior\ReadHtmlCacheBehavior [ RunTime:0.001369s ]
INFO: [ app_begin ] --END-- [ RunTime:0.002882s ]
INFO: [ app_end ] --START--
INFO: Run Behavior\ShowPageTraceBehavior [ RunTime:0.001201s ]
INFO: [ app_end ] --END-- [ RunTime:0.002746s ]

[ 2016-04-10T10:48:12+08:00 ] 127.0.0.1 /WCP/Home/Program/Inherit/main
INFO: [ app_init ] --START--
INFO: Run Behavior\BuildLiteBehavior [ RunTime:0.000587s ]
INFO: [ app_init ] --END-- [ RunTime:0.004344s ]
INFO: [ app_begin ] --START--
INFO: Run Behavior\ReadHtmlCacheBehavior [ RunTime:0.001996s ]
INFO: [ app_begin ] --END-- [ RunTime:0.003476s ]
INFO: [ app_end ] --START--
INFO: Run Behavior\ShowPageTraceBehavior [ RunTime:0.001263s ]
INFO: [ app_end ] --END-- [ RunTime:0.002700s ]

[ 2016-04-10T10:48:13+08:00 ] 127.0.0.1 /WCP/Home/Program/Inherit/main
INFO: [ app_init ] --START--
INFO: Run Behavior\BuildLiteBehavior [ RunTime:0.000251s ]
INFO: [ app_init ] --END-- [ RunTime:0.002303s ]
INFO: [ app_begin ] --START--
INFO: Run Behavior\ReadHtmlCacheBehavior [ RunTime:0.001406s ]
INFO: [ app_begin ] --END-- [ RunTime:0.002885s ]
INFO: [ app_end ] --START--
INFO: Run Behavior\ShowPageTraceBehavior [ RunTime:0.001764s ]
INFO: [ app_end ] --END-- [ RunTime:0.003481s ]

[ 2016-04-10T10:48:35+08:00 ] 127.0.0.1 /WCP/Home/Program/Inherit/main
INFO: [ app_init ] --START--
INFO: Run Behavior\BuildLiteBehavior [ RunTime:0.000474s ]
INFO: [ app_init ] --END-- [ RunTime:0.003154s ]
INFO: [ app_begin ] --START--
INFO: Run Behavior\ReadHtmlCacheBehavior [ RunTime:0.001937s ]
INFO: [ app_begin ] --END-- [ RunTime:0.004267s ]
INFO: [ app_end ] --START--
INFO: Run Behavior\ShowPageTraceBehavior [ RunTime:0.001289s ]
INFO: [ app_end ] --END-- [ RunTime:0.002911s ]

[ 2016-04-10T10:48:36+08:00 ] 127.0.0.1 /WCP/Home/Program/Inherit/main
INFO: [ app_init ] --START--
INFO: Run Behavior\BuildLiteBehavior [ RunTime:0.000324s ]
INFO: [ app_init ] --END-- [ RunTime:0.003251s ]
INFO: [ app_begin ] --START--
INFO: Run Behavior\ReadHtmlCacheBehavior [ RunTime:0.001384s ]
INFO: [ app_begin ] --END-- [ RunTime:0.003275s ]
NOTIC: [8] Undefined property: Home\Controller\Program\LittleTest::$private D:\wamp\www\WCP\Home\Home\Controller\Program\InheritController.class.php 第 149 行.
INFO: [ app_end ] --START--
INFO: Run Behavior\ShowPageTraceBehavior [ RunTime:0.001918s ]
INFO: [ app_end ] --END-- [ RunTime:0.003402s ]

[ 2016-04-10T10:48:40+08:00 ] 127.0.0.1 /WCP/Home/Program/Inherit/main
INFO: [ app_init ] --START--
INFO: Run Behavior\BuildLiteBehavior [ RunTime:0.000249s ]
INFO: [ app_init ] --END-- [ RunTime:0.002254s ]
INFO: [ app_begin ] --START--
INFO: Run Behavior\ReadHtmlCacheBehavior [ RunTime:0.001364s ]
INFO: [ app_begin ] --END-- [ RunTime:0.002884s ]
NOTIC: [8] Undefined property: Home\Controller\Program\LittleTest::$private D:\wamp\www\WCP\Home\Home\Controller\Program\InheritController.class.php 第 149 行.
INFO: [ app_end ] --START--
INFO: Run Behavior\ShowPageTraceBehavior [ RunTime:0.001364s ]
INFO: [ app_end ] --END-- [ RunTime:0.003082s ]

[ 2016-04-10T10:48:41+08:00 ] 127.0.0.1 /WCP/Home/Program/Inherit/main
INFO: [ app_init ] --START--
INFO: Run Behavior\BuildLiteBehavior [ RunTime:0.000278s ]
INFO: [ app_init ] --END-- [ RunTime:0.002242s ]
INFO: [ app_begin ] --START--
INFO: Run Behavior\ReadHtmlCacheBehavior [ RunTime:0.001349s ]
INFO: [ app_begin ] --END-- [ RunTime:0.002832s ]
NOTIC: [8] Undefined property: Home\Controller\Program\LittleTest::$private D:\wamp\www\WCP\Home\Home\Controller\Program\InheritController.class.php 第 149 行.
INFO: [ app_end ] --START--
INFO: Run Behavior\ShowPageTraceBehavior [ RunTime:0.001288s ]
INFO: [ app_end ] --END-- [ RunTime:0.003125s ]

[ 2016-04-10T10:48:42+08:00 ] 127.0.0.1 /WCP/Home/Program/Inherit/main
INFO: [ app_init ] --START--
INFO: Run Behavior\BuildLiteBehavior [ RunTime:0.000289s ]
INFO: [ app_init ] --END-- [ RunTime:0.002335s ]
INFO: [ app_begin ] --START--
INFO: Run Behavior\ReadHtmlCacheBehavior [ RunTime:0.001327s ]
INFO: [ app_begin ] --END-- [ RunTime:0.002815s ]
NOTIC: [8] Undefined property: Home\Controller\Program\LittleTest::$private D:\wamp\www\WCP\Home\Home\Controller\Program\InheritController.class.php 第 149 行.
INFO: [ app_end ] --START--
INFO: Run Behavior\ShowPageTraceBehavior [ RunTime:0.001331s ]
INFO: [ app_end ] --END-- [ RunTime:0.002776s ]

[ 2016-04-10T10:48:43+08:00 ] 127.0.0.1 /WCP/Home/Program/Inherit/main
INFO: [ app_init ] --START--
INFO: Run Behavior\BuildLiteBehavior [ RunTime:0.000280s ]
INFO: [ app_init ] --END-- [ RunTime:0.002293s ]
INFO: [ app_begin ] --START--
INFO: Run Behavior\ReadHtmlCacheBehavior [ RunTime:0.001454s ]
INFO: [ app_begin ] --END-- [ RunTime:0.002913s ]
NOTIC: [8] Undefined property: Home\Controller\Program\LittleTest::$private D:\wamp\www\WCP\Home\Home\Controller\Program\InheritController.class.php 第 149 行.
INFO: [ app_end ] --START--
INFO: Run Behavior\ShowPageTraceBehavior [ RunTime:0.001352s ]
INFO: [ app_end ] --END-- [ RunTime:0.002842s ]

[ 2016-04-10T10:48:44+08:00 ] 127.0.0.1 /WCP/Home/Program/Inherit/main
INFO: [ app_init ] --START--
INFO: Run Behavior\BuildLiteBehavior [ RunTime:0.000248s ]
INFO: [ app_init ] --END-- [ RunTime:0.002300s ]
INFO: [ app_begin ] --START--
INFO: Run Behavior\ReadHtmlCacheBehavior [ RunTime:0.001329s ]
INFO: [ app_begin ] --END-- [ RunTime:0.002806s ]
NOTIC: [8] Undefined property: Home\Controller\Program\LittleTest::$private D:\wamp\www\WCP\Home\Home\Controller\Program\InheritController.class.php 第 149 行.
INFO: [ app_end ] --START--
INFO: Run Behavior\ShowPageTraceBehavior [ RunTime:0.001345s ]
INFO: [ app_end ] --END-- [ RunTime:0.002923s ]

[ 2016-04-10T10:48:45+08:00 ] 127.0.0.1 /WCP/Home/Program/Inherit/main
INFO: [ app_init ] --START--
INFO: Run Behavior\BuildLiteBehavior [ RunTime:0.000249s ]
INFO: [ app_init ] --END-- [ RunTime:0.002314s ]
INFO: [ app_begin ] --START--
INFO: Run Behavior\ReadHtmlCacheBehavior [ RunTime:0.001382s ]
INFO: [ app_begin ] --END-- [ RunTime:0.002820s ]
NOTIC: [8] Undefined property: Home\Controller\Program\LittleTest::$private D:\wamp\www\WCP\Home\Home\Controller\Program\InheritController.class.php 第 149 行.
INFO: [ app_end ] --START--
INFO: Run Behavior\ShowPageTraceBehavior [ RunTime:0.001787s ]
INFO: [ app_end ] --END-- [ RunTime:0.003402s ]

[ 2016-04-10T10:59:23+08:00 ] 127.0.0.1 /WCP/Home/Program/Inherit/main
INFO: [ app_init ] --START--
INFO: Run Behavior\BuildLiteBehavior [ RunTime:0.000265s ]
INFO: [ app_init ] --END-- [ RunTime:0.002397s ]
INFO: [ app_begin ] --START--
INFO: Run Behavior\ReadHtmlCacheBehavior [ RunTime:0.001493s ]
INFO: [ app_begin ] --END-- [ RunTime:0.003028s ]
NOTIC: [8] Undefined property: Home\Controller\Program\LittleTest::$private D:\wamp\www\WCP\Home\Home\Controller\Program\InheritController.class.php 第 161 行.
INFO: [ app_end ] --START--
INFO: Run Behavior\ShowPageTraceBehavior [ RunTime:0.001767s ]
INFO: [ app_end ] --END-- [ RunTime:0.003224s ]

[ 2016-04-10T11:00:24+08:00 ] 127.0.0.1 /WCP/Home/Program/Inherit/main
INFO: [ app_init ] --START--
INFO: Run Behavior\BuildLiteBehavior [ RunTime:0.000254s ]
INFO: [ app_init ] --END-- [ RunTime:0.002329s ]
INFO: [ app_begin ] --START--
INFO: Run Behavior\ReadHtmlCacheBehavior [ RunTime:0.001369s ]
INFO: [ app_begin ] --END-- [ RunTime:0.002869s ]
NOTIC: [8] Undefined property: Home\Controller\Program\LittleTest::$private D:\wamp\www\WCP\Home\Home\Controller\Program\InheritController.class.php 第 161 行.
INFO: [ app_end ] --START--
INFO: Run Behavior\ShowPageTraceBehavior [ RunTime:0.001433s ]
INFO: [ app_end ] --END-- [ RunTime:0.002995s ]

[ 2016-04-10T11:00:26+08:00 ] 127.0.0.1 /WCP/Home/Program/Inherit/main
INFO: [ app_init ] --START--
INFO: Run Behavior\BuildLiteBehavior [ RunTime:0.000577s ]
INFO: [ app_init ] --END-- [ RunTime:0.005475s ]
INFO: [ app_begin ] --START--
INFO: Run Behavior\ReadHtmlCacheBehavior [ RunTime:0.001354s ]
INFO: [ app_begin ] --END-- [ RunTime:0.002986s ]
NOTIC: [8] Undefined property: Home\Controller\Program\LittleTest::$private D:\wamp\www\WCP\Home\Home\Controller\Program\InheritController.class.php 第 161 行.
INFO: [ app_end ] --START--
INFO: Run Behavior\ShowPageTraceBehavior [ RunTime:0.001370s ]
INFO: [ app_end ] --END-- [ RunTime:0.002891s ]

[ 2016-04-10T11:01:39+08:00 ] 127.0.0.1 /WCP/Home/Program/Inherit/main
INFO: [ app_init ] --START--
INFO: Run Behavior\BuildLiteBehavior [ RunTime:0.000276s ]
INFO: [ app_init ] --END-- [ RunTime:0.002371s ]
INFO: [ app_begin ] --START--
INFO: Run Behavior\ReadHtmlCacheBehavior [ RunTime:0.001505s ]
INFO: [ app_begin ] --END-- [ RunTime:0.003456s ]
NOTIC: [8] Undefined property: Home\Controller\Program\LittleTest::$private D:\wamp\www\WCP\Home\Home\Controller\Program\InheritController.class.php 第 161 行.
INFO: [ app_end ] --START--
INFO: Run Behavior\ShowPageTraceBehavior [ RunTime:0.001401s ]
INFO: [ app_end ] --END-- [ RunTime:0.002937s ]

[ 2016-04-10T11:01:40+08:00 ] 127.0.0.1 /WCP/Home/Program/Inherit/main
INFO: [ app_init ] --START--
INFO: Run Behavior\BuildLiteBehavior [ RunTime:0.000248s ]
INFO: [ app_init ] --END-- [ RunTime:0.002281s ]
INFO: [ app_begin ] --START--
INFO: Run Behavior\ReadHtmlCacheBehavior [ RunTime:0.001412s ]
INFO: [ app_begin ] --END-- [ RunTime:0.002943s ]
NOTIC: [8] Undefined property: Home\Controller\Program\LittleTest::$private D:\wamp\www\WCP\Home\Home\Controller\Program\InheritController.class.php 第 161 行.
INFO: [ app_end ] --START--
INFO: Run Behavior\ShowPageTraceBehavior [ RunTime:0.001330s ]
INFO: [ app_end ] --END-- [ RunTime:0.002879s ]

[ 2016-04-10T11:01:45+08:00 ] 127.0.0.1 /WCP/Home/Program/Inherit/main
INFO: [ app_init ] --START--
INFO: Run Behavior\BuildLiteBehavior [ RunTime:0.000533s ]
INFO: [ app_init ] --END-- [ RunTime:0.003773s ]
INFO: [ app_begin ] --START--
INFO: Run Behavior\ReadHtmlCacheBehavior [ RunTime:0.001771s ]
INFO: [ app_begin ] --END-- [ RunTime:0.003605s ]
NOTIC: [8] Undefined property: Home\Controller\Program\LittleTest::$private D:\wamp\www\WCP\Home\Home\Controller\Program\InheritController.class.php 第 161 行.
INFO: [ app_end ] --START--
INFO: Run Behavior\ShowPageTraceBehavior [ RunTime:0.001294s ]
INFO: [ app_end ] --END-- [ RunTime:0.002829s ]

[ 2016-04-10T11:01:46+08:00 ] 127.0.0.1 /WCP/Home/Program/Inherit/main
INFO: [ app_init ] --START--
INFO: Run Behavior\BuildLiteBehavior [ RunTime:0.000492s ]
INFO: [ app_init ] --END-- [ RunTime:0.005351s ]
INFO: [ app_begin ] --START--
INFO: Run Behavior\ReadHtmlCacheBehavior [ RunTime:0.001427s ]
INFO: [ app_begin ] --END-- [ RunTime:0.003533s ]
NOTIC: [8] Undefined property: Home\Controller\Program\LittleTest::$private D:\wamp\www\WCP\Home\Home\Controller\Program\InheritController.class.php 第 161 行.
INFO: [ app_end ] --START--
INFO: Run Behavior\ShowPageTraceBehavior [ RunTime:0.001664s ]
INFO: [ app_end ] --END-- [ RunTime:0.003636s ]

[ 2016-04-10T11:02:18+08:00 ] 127.0.0.1 /WCP/Home/Program/Inherit/main
INFO: [ app_init ] --START--
INFO: Run Behavior\BuildLiteBehavior [ RunTime:0.000252s ]
INFO: [ app_init ] --END-- [ RunTime:0.002715s ]
INFO: [ app_begin ] --START--
INFO: Run Behavior\ReadHtmlCacheBehavior [ RunTime:0.001795s ]
INFO: [ app_begin ] --END-- [ RunTime:0.003773s ]
NOTIC: [8] Undefined property: Home\Controller\Program\LittleTest::$private D:\wamp\www\WCP\Home\Home\Controller\Program\InheritController.class.php 第 161 行.
INFO: [ app_end ] --START--
INFO: Run Behavior\ShowPageTraceBehavior [ RunTime:0.001508s ]
INFO: [ app_end ] --END-- [ RunTime:0.003103s ]

[ 2016-04-10T11:02:19+08:00 ] 127.0.0.1 /WCP/Home/Program/Inherit/main
INFO: [ app_init ] --START--
INFO: Run Behavior\BuildLiteBehavior [ RunTime:0.000251s ]
INFO: [ app_init ] --END-- [ RunTime:0.002421s ]
INFO: [ app_begin ] --START--
INFO: Run Behavior\ReadHtmlCacheBehavior [ RunTime:0.001565s ]
INFO: [ app_begin ] --END-- [ RunTime:0.003200s ]
NOTIC: [8] Undefined property: Home\Controller\Program\LittleTest::$private D:\wamp\www\WCP\Home\Home\Controller\Program\InheritController.class.php 第 163 行.
INFO: [ app_end ] --START--
INFO: Run Behavior\ShowPageTraceBehavior [ RunTime:0.001342s ]
INFO: [ app_end ] --END-- [ RunTime:0.002704s ]

[ 2016-04-10T11:05:33+08:00 ] 127.0.0.1 /WCP/Home/Program/Inherit/main
INFO: [ app_init ] --START--
INFO: Run Behavior\BuildLiteBehavior [ RunTime:0.000299s ]
INFO: [ app_init ] --END-- [ RunTime:0.002561s ]
INFO: [ app_begin ] --START--
INFO: Run Behavior\ReadHtmlCacheBehavior [ RunTime:0.001512s ]
INFO: [ app_begin ] --END-- [ RunTime:0.003074s ]
NOTIC: [8] Undefined property: Home\Controller\Program\LittleTest::$private D:\wamp\www\WCP\Home\Home\Controller\Program\InheritController.class.php 第 163 行.
INFO: [ app_end ] --START--
INFO: Run Behavior\ShowPageTraceBehavior [ RunTime:0.001350s ]
INFO: [ app_end ] --END-- [ RunTime:0.003108s ]

[ 2016-04-10T11:05:35+08:00 ] 127.0.0.1 /WCP/Home/Program/Inherit/main
INFO: [ app_init ] --START--
INFO: Run Behavior\BuildLiteBehavior [ RunTime:0.000280s ]
INFO: [ app_init ] --END-- [ RunTime:0.002430s ]
INFO: [ app_begin ] --START--
INFO: Run Behavior\ReadHtmlCacheBehavior [ RunTime:0.001384s ]
INFO: [ app_begin ] --END-- [ RunTime:0.003040s ]
NOTIC: [8] Undefined property: Home\Controller\Program\LittleTest::$private D:\wamp\www\WCP\Home\Home\Controller\Program\InheritController.class.php 第 177 行.
INFO: [ app_end ] --START--
INFO: Run Behavior\ShowPageTraceBehavior [ RunTime:0.001399s ]
INFO: [ app_end ] --END-- [ RunTime:0.002947s ]

[ 2016-04-10T11:05:42+08:00 ] 127.0.0.1 /WCP/Home/Program/Inherit/main
INFO: [ app_init ] --START--
INFO: Run Behavior\BuildLiteBehavior [ RunTime:0.000268s ]
INFO: [ app_init ] --END-- [ RunTime:0.002458s ]
INFO: [ app_begin ] --START--
INFO: Run Behavior\ReadHtmlCacheBehavior [ RunTime:0.001421s ]
INFO: [ app_begin ] --END-- [ RunTime:0.003080s ]
NOTIC: [8] Undefined property: Home\Controller\Program\LittleTest::$private D:\wamp\www\WCP\Home\Home\Controller\Program\InheritController.class.php 第 177 行.
INFO: [ app_end ] --START--
INFO: Run Behavior\ShowPageTraceBehavior [ RunTime:0.001315s ]
INFO: [ app_end ] --END-- [ RunTime:0.002856s ]

[ 2016-04-10T11:05:44+08:00 ] 127.0.0.1 /WCP/Home/Program/Inherit/main
INFO: [ app_init ] --START--
INFO: Run Behavior\BuildLiteBehavior [ RunTime:0.000280s ]
INFO: [ app_init ] --END-- [ RunTime:0.002501s ]
INFO: [ app_begin ] --START--
INFO: Run Behavior\ReadHtmlCacheBehavior [ RunTime:0.001338s ]
INFO: [ app_begin ] --END-- [ RunTime:0.002795s ]
NOTIC: [8] Undefined property: Home\Controller\Program\LittleTest::$private D:\wamp\www\WCP\Home\Home\Controller\Program\InheritController.class.php 第 177 行.
INFO: [ app_end ] --START--
INFO: Run Behavior\ShowPageTraceBehavior [ RunTime:0.001758s ]
INFO: [ app_end ] --END-- [ RunTime:0.003675s ]

[ 2016-04-10T11:05:45+08:00 ] 127.0.0.1 /WCP/Home/Program/Inherit/main
INFO: [ app_init ] --START--
INFO: Run Behavior\BuildLiteBehavior [ RunTime:0.000282s ]
INFO: [ app_init ] --END-- [ RunTime:0.002349s ]
INFO: [ app_begin ] --START--
INFO: Run Behavior\ReadHtmlCacheBehavior [ RunTime:0.001373s ]
INFO: [ app_begin ] --END-- [ RunTime:0.002993s ]
NOTIC: [8] Undefined property: Home\Controller\Program\LittleTest::$private D:\wamp\www\WCP\Home\Home\Controller\Program\InheritController.class.php 第 177 行.
INFO: [ app_end ] --START--
INFO: Run Behavior\ShowPageTraceBehavior [ RunTime:0.001446s ]
INFO: [ app_end ] --END-- [ RunTime:0.003083s ]

[ 2016-04-10T11:05:48+08:00 ] 127.0.0.1 /WCP/Home/Program/Inherit/main
INFO: [ app_init ] --START--
INFO: Run Behavior\BuildLiteBehavior [ RunTime:0.000348s ]
INFO: [ app_init ] --END-- [ RunTime:0.003228s ]
INFO: [ app_begin ] --START--
INFO: Run Behavior\ReadHtmlCacheBehavior [ RunTime:0.001350s ]
INFO: [ app_begin ] --END-- [ RunTime:0.003067s ]
NOTIC: [8] Undefined property: Home\Controller\Program\LittleTest::$private D:\wamp\www\WCP\Home\Home\Controller\Program\InheritController.class.php 第 177 行.
INFO: [ app_end ] --START--
INFO: Run Behavior\ShowPageTraceBehavior [ RunTime:0.002011s ]
INFO: [ app_end ] --END-- [ RunTime:0.004079s ]

[ 2016-04-10T11:05:49+08:00 ] 127.0.0.1 /WCP/Home/Program/Inherit/main
INFO: [ app_init ] --START--
INFO: Run Behavior\BuildLiteBehavior [ RunTime:0.000251s ]
INFO: [ app_init ] --END-- [ RunTime:0.002459s ]
INFO: [ app_begin ] --START--
INFO: Run Behavior\ReadHtmlCacheBehavior [ RunTime:0.001343s ]
INFO: [ app_begin ] --END-- [ RunTime:0.002855s ]
NOTIC: [8] Undefined property: Home\Controller\Program\LittleTest::$private D:\wamp\www\WCP\Home\Home\Controller\Program\InheritController.class.php 第 177 行.
INFO: [ app_end ] --START--
INFO: Run Behavior\ShowPageTraceBehavior [ RunTime:0.001336s ]
INFO: [ app_end ] --END-- [ RunTime:0.002768s ]

[ 2016-04-10T11:05:52+08:00 ] 127.0.0.1 /WCP/Home/Program/Inherit/main
INFO: [ app_init ] --START--
INFO: Run Behavior\BuildLiteBehavior [ RunTime:0.000250s ]
INFO: [ app_init ] --END-- [ RunTime:0.002326s ]
INFO: [ app_begin ] --START--
INFO: Run Behavior\ReadHtmlCacheBehavior [ RunTime:0.001337s ]
INFO: [ app_begin ] --END-- [ RunTime:0.002889s ]
NOTIC: [8] Undefined property: Home\Controller\Program\LittleTest::$private D:\wamp\www\WCP\Home\Home\Controller\Program\InheritController.class.php 第 177 行.
INFO: [ app_end ] --START--
INFO: Run Behavior\ShowPageTraceBehavior [ RunTime:0.001236s ]
INFO: [ app_end ] --END-- [ RunTime:0.002677s ]

[ 2016-04-10T11:14:13+08:00 ] 127.0.0.1 /WCP/Home/Program/Inherit/main
INFO: [ app_init ] --START--
INFO: Run Behavior\BuildLiteBehavior [ RunTime:0.000279s ]
INFO: [ app_init ] --END-- [ RunTime:0.002450s ]
INFO: [ app_begin ] --START--
INFO: Run Behavior\ReadHtmlCacheBehavior [ RunTime:0.001762s ]
INFO: [ app_begin ] --END-- [ RunTime:0.003447s ]
NOTIC: [8] Undefined property: Home\Controller\Program\LittleTest::$private D:\wamp\www\WCP\Home\Home\Controller\Program\InheritController.class.php 第 177 行.
INFO: [ app_end ] --START--
INFO: Run Behavior\ShowPageTraceBehavior [ RunTime:0.001375s ]
INFO: [ app_end ] --END-- [ RunTime:0.002973s ]

[ 2016-04-10T11:14:16+08:00 ] 127.0.0.1 /WCP/Home/Program/Inherit/main
INFO: [ app_init ] --START--
INFO: Run Behavior\BuildLiteBehavior [ RunTime:0.000252s ]
INFO: [ app_init ] --END-- [ RunTime:0.002363s ]
INFO: [ app_begin ] --START--
INFO: Run Behavior\ReadHtmlCacheBehavior [ RunTime:0.001442s ]
INFO: [ app_begin ] --END-- [ RunTime:0.002968s ]
NOTIC: [8] Undefined property: Home\Controller\Program\LittleTest::$private D:\wamp\www\WCP\Home\Home\Controller\Program\InheritController.class.php 第 190 行.
INFO: [ app_end ] --START--
INFO: Run Behavior\ShowPageTraceBehavior [ RunTime:0.001291s ]
INFO: [ app_end ] --END-- [ RunTime:0.002747s ]

[ 2016-04-10T11:14:37+08:00 ] 127.0.0.1 /WCP/Home/Program/Inherit/main
INFO: [ app_init ] --START--
INFO: Run Behavior\BuildLiteBehavior [ RunTime:0.000290s ]
INFO: [ app_init ] --END-- [ RunTime:0.002506s ]
INFO: [ app_begin ] --START--
INFO: Run Behavior\ReadHtmlCacheBehavior [ RunTime:0.001864s ]
INFO: [ app_begin ] --END-- [ RunTime:0.003719s ]
NOTIC: [8] Undefined property: Home\Controller\Program\LittleTest::$private D:\wamp\www\WCP\Home\Home\Controller\Program\InheritController.class.php 第 191 行.
INFO: [ app_end ] --START--
INFO: Run Behavior\ShowPageTraceBehavior [ RunTime:0.001510s ]
INFO: [ app_end ] --END-- [ RunTime:0.004582s ]

[ 2016-04-10T11:14:51+08:00 ] 127.0.0.1 /WCP/Home/Program/Inherit/main
INFO: [ app_init ] --START--
INFO: Run Behavior\BuildLiteBehavior [ RunTime:0.000249s ]
INFO: [ app_init ] --END-- [ RunTime:0.002249s ]
INFO: [ app_begin ] --START--
INFO: Run Behavior\ReadHtmlCacheBehavior [ RunTime:0.001453s ]
INFO: [ app_begin ] --END-- [ RunTime:0.003059s ]
NOTIC: [8] Undefined property: Home\Controller\Program\LittleTest::$private D:\wamp\www\WCP\Home\Home\Controller\Program\InheritController.class.php 第 191 行.
INFO: [ app_end ] --START--
INFO: Run Behavior\ShowPageTraceBehavior [ RunTime:0.001802s ]
INFO: [ app_end ] --END-- [ RunTime:0.003434s ]

[ 2016-04-10T11:14:53+08:00 ] 127.0.0.1 /WCP/Home/Program/Inherit/main
INFO: [ app_init ] --START--
INFO: Run Behavior\BuildLiteBehavior [ RunTime:0.000248s ]
INFO: [ app_init ] --END-- [ RunTime:0.002307s ]
INFO: [ app_begin ] --START--
INFO: Run Behavior\ReadHtmlCacheBehavior [ RunTime:0.001435s ]
INFO: [ app_begin ] --END-- [ RunTime:0.002941s ]
NOTIC: [8] Undefined property: Home\Controller\Program\LittleTest::$private D:\wamp\www\WCP\Home\Home\Controller\Program\InheritController.class.php 第 193 行.
INFO: [ app_end ] --START--
INFO: Run Behavior\ShowPageTraceBehavior [ RunTime:0.001697s ]
INFO: [ app_end ] --END-- [ RunTime:0.003175s ]

[ 2016-04-10T11:26:12+08:00 ] 127.0.0.1 /WCP/Home/Program/Inherit/main
INFO: [ app_init ] --START--
INFO: Run Behavior\BuildLiteBehavior [ RunTime:0.000249s ]
INFO: [ app_init ] --END-- [ RunTime:0.002397s ]
INFO: [ app_begin ] --START--
INFO: Run Behavior\ReadHtmlCacheBehavior [ RunTime:0.001901s ]
INFO: [ app_begin ] --END-- [ RunTime:0.004152s ]
NOTIC: [8] Undefined property: Home\Controller\Program\LittleTest::$private D:\wamp\www\WCP\Home\Home\Controller\Program\InheritController.class.php 第 194 行.
INFO: [ app_end ] --START--
INFO: Run Behavior\ShowPageTraceBehavior [ RunTime:0.001464s ]
INFO: [ app_end ] --END-- [ RunTime:0.002908s ]

[ 2016-04-10T11:26:13+08:00 ] 127.0.0.1 /WCP/Home/Program/Inherit/main
INFO: [ app_init ] --START--
INFO: Run Behavior\BuildLiteBehavior [ RunTime:0.000250s ]
INFO: [ app_init ] --END-- [ RunTime:0.002410s ]
INFO: [ app_begin ] --START--
INFO: Run Behavior\ReadHtmlCacheBehavior [ RunTime:0.001375s ]
INFO: [ app_begin ] --END-- [ RunTime:0.002837s ]
NOTIC: [8] Undefined property: Home\Controller\Program\LittleTest::$private D:\wamp\www\WCP\Home\Home\Controller\Program\InheritController.class.php 第 194 行.
INFO: [ app_end ] --START--
INFO: Run Behavior\ShowPageTraceBehavior [ RunTime:0.001376s ]
INFO: [ app_end ] --END-- [ RunTime:0.002951s ]

[ 2016-04-10T11:26:17+08:00 ] 127.0.0.1 /WCP/Home/Program/Inherit/main
INFO: [ app_init ] --START--
INFO: Run Behavior\BuildLiteBehavior [ RunTime:0.000264s ]
INFO: [ app_init ] --END-- [ RunTime:0.002369s ]
INFO: [ app_begin ] --START--
INFO: Run Behavior\ReadHtmlCacheBehavior [ RunTime:0.001407s ]
INFO: [ app_begin ] --END-- [ RunTime:0.002976s ]
NOTIC: [8] Undefined property: Home\Controller\Program\LittleTest::$private D:\wamp\www\WCP\Home\Home\Controller\Program\InheritController.class.php 第 194 行.
INFO: [ app_end ] --START--
INFO: Run Behavior\ShowPageTraceBehavior [ RunTime:0.001307s ]
INFO: [ app_end ] --END-- [ RunTime:0.003032s ]

[ 2016-04-10T11:26:46+08:00 ] 127.0.0.1 /WCP/Home/Program/Inherit/main
INFO: [ app_init ] --START--
INFO: Run Behavior\BuildLiteBehavior [ RunTime:0.000271s ]
INFO: [ app_init ] --END-- [ RunTime:0.003379s ]
INFO: [ app_begin ] --START--
INFO: Run Behavior\ReadHtmlCacheBehavior [ RunTime:0.001611s ]
INFO: [ app_begin ] --END-- [ RunTime:0.003474s ]
NOTIC: [8] Undefined property: Home\Controller\Program\LittleTest::$private D:\wamp\www\WCP\Home\Home\Controller\Program\InheritController.class.php 第 198 行.
INFO: [ app_end ] --START--
INFO: Run Behavior\ShowPageTraceBehavior [ RunTime:0.001328s ]
INFO: [ app_end ] --END-- [ RunTime:0.002764s ]

[ 2016-04-10T11:26:48+08:00 ] 127.0.0.1 /WCP/Home/Program/Inherit/main
INFO: [ app_init ] --START--
INFO: Run Behavior\BuildLiteBehavior [ RunTime:0.000320s ]
INFO: [ app_init ] --END-- [ RunTime:0.002537s ]
INFO: [ app_begin ] --START--
INFO: Run Behavior\ReadHtmlCacheBehavior [ RunTime:0.001366s ]
INFO: [ app_begin ] --END-- [ RunTime:0.003154s ]
NOTIC: [8] Undefined property: Home\Controller\Program\LittleTest::$private D:\wamp\www\WCP\Home\Home\Controller\Program\InheritController.class.php 第 198 行.
INFO: [ app_end ] --START--
INFO: Run Behavior\ShowPageTraceBehavior [ RunTime:0.001435s ]
INFO: [ app_end ] --END-- [ RunTime:0.003109s ]

[ 2016-04-10T11:26:49+08:00 ] 127.0.0.1 /WCP/Home/Program/Inherit/main
INFO: [ app_init ] --START--
INFO: Run Behavior\BuildLiteBehavior [ RunTime:0.000245s ]
INFO: [ app_init ] --END-- [ RunTime:0.002203s ]
INFO: [ app_begin ] --START--
INFO: Run Behavior\ReadHtmlCacheBehavior [ RunTime:0.001314s ]
INFO: [ app_begin ] --END-- [ RunTime:0.002717s ]
NOTIC: [8] Undefined property: Home\Controller\Program\LittleTest::$private D:\wamp\www\WCP\Home\Home\Controller\Program\InheritController.class.php 第 198 行.
INFO: [ app_end ] --START--
INFO: Run Behavior\ShowPageTraceBehavior [ RunTime:0.001276s ]
INFO: [ app_end ] --END-- [ RunTime:0.002756s ]

[ 2016-04-10T11:26:50+08:00 ] 127.0.0.1 /WCP/Home/Program/Inherit/main
INFO: [ app_init ] --START--
INFO: Run Behavior\BuildLiteBehavior [ RunTime:0.000272s ]
INFO: [ app_init ] --END-- [ RunTime:0.002246s ]
INFO: [ app_begin ] --START--
INFO: Run Behavior\ReadHtmlCacheBehavior [ RunTime:0.001342s ]
INFO: [ app_begin ] --END-- [ RunTime:0.002836s ]
NOTIC: [8] Undefined property: Home\Controller\Program\LittleTest::$private D:\wamp\www\WCP\Home\Home\Controller\Program\InheritController.class.php 第 198 行.
INFO: [ app_end ] --START--
INFO: Run Behavior\ShowPageTraceBehavior [ RunTime:0.001306s ]
INFO: [ app_end ] --END-- [ RunTime:0.002754s ]

[ 2016-04-10T11:27:10+08:00 ] 127.0.0.1 /WCP/Home/Program/Inherit/main
INFO: [ app_init ] --START--
INFO: Run Behavior\BuildLiteBehavior [ RunTime:0.000272s ]
INFO: [ app_init ] --END-- [ RunTime:0.002387s ]
INFO: [ app_begin ] --START--
INFO: Run Behavior\ReadHtmlCacheBehavior [ RunTime:0.001303s ]
INFO: [ app_begin ] --END-- [ RunTime:0.002710s ]
NOTIC: [8] Undefined property: Home\Controller\Program\LittleTest::$private D:\wamp\www\WCP\Home\Home\Controller\Program\InheritController.class.php 第 198 行.
INFO: [ app_end ] --START--
INFO: Run Behavior\ShowPageTraceBehavior [ RunTime:0.001229s ]
INFO: [ app_end ] --END-- [ RunTime:0.002632s ]

[ 2016-04-10T11:27:11+08:00 ] 127.0.0.1 /WCP/Home/Program/Inherit/main
INFO: [ app_init ] --START--
INFO: Run Behavior\BuildLiteBehavior [ RunTime:0.000278s ]
INFO: [ app_init ] --END-- [ RunTime:0.002502s ]
INFO: [ app_begin ] --START--
INFO: Run Behavior\ReadHtmlCacheBehavior [ RunTime:0.001364s ]
INFO: [ app_begin ] --END-- [ RunTime:0.002976s ]
NOTIC: [8] Undefined property: Home\Controller\Program\LittleTest::$private D:\wamp\www\WCP\Home\Home\Controller\Program\InheritController.class.php 第 199 行.
INFO: [ app_end ] --START--
INFO: Run Behavior\ShowPageTraceBehavior [ RunTime:0.001441s ]
INFO: [ app_end ] --END-- [ RunTime:0.002939s ]

[ 2016-04-10T11:58:41+08:00 ] 127.0.0.1 /WCP/Home/Program/Abstract/main
INFO: [ app_init ] --START--
INFO: Run Behavior\BuildLiteBehavior [ RunTime:0.000293s ]
INFO: [ app_init ] --END-- [ RunTime:0.002667s ]
INFO: [ app_begin ] --START--
INFO: Run Behavior\ReadHtmlCacheBehavior [ RunTime:0.001499s ]
INFO: [ app_begin ] --END-- [ RunTime:0.003079s ]
NOTIC: [4096] Object of class Home\Controller\Program\Triangle could not be converted to string D:\wamp\www\WCP\Home\Home\Controller\Program\AbstractController.class.php 第 16 行.
INFO: [ app_end ] --START--
INFO: Run Behavior\ShowPageTraceBehavior [ RunTime:0.001998s ]
INFO: [ app_end ] --END-- [ RunTime:0.003900s ]

[ 2016-04-10T11:58:58+08:00 ] 127.0.0.1 /WCP/Home/Program/Abstract/main
INFO: [ app_init ] --START--
INFO: Run Behavior\BuildLiteBehavior [ RunTime:0.000282s ]
INFO: [ app_init ] --END-- [ RunTime:0.002488s ]
INFO: [ app_begin ] --START--
INFO: Run Behavior\ReadHtmlCacheBehavior [ RunTime:0.001422s ]
INFO: [ app_begin ] --END-- [ RunTime:0.002992s ]
NOTIC: [4096] Object of class Home\Controller\Program\Triangle could not be converted to string D:\wamp\www\WCP\Home\Home\Controller\Program\AbstractController.class.php 第 16 行.
INFO: [ app_end ] --START--
INFO: Run Behavior\ShowPageTraceBehavior [ RunTime:0.001787s ]
INFO: [ app_end ] --END-- [ RunTime:0.003377s ]

[ 2016-04-10T11:58:59+08:00 ] 127.0.0.1 /WCP/Home/Program/Abstract/main
INFO: [ app_init ] --START--
INFO: Run Behavior\BuildLiteBehavior [ RunTime:0.000258s ]
INFO: [ app_init ] --END-- [ RunTime:0.002408s ]
INFO: [ app_begin ] --START--
INFO: Run Behavior\ReadHtmlCacheBehavior [ RunTime:0.001364s ]
INFO: [ app_begin ] --END-- [ RunTime:0.002905s ]
INFO: [ app_end ] --START--
INFO: Run Behavior\ShowPageTraceBehavior [ RunTime:0.001436s ]
INFO: [ app_end ] --END-- [ RunTime:0.003995s ]

[ 2016-04-10T11:59:13+08:00 ] 127.0.0.1 /WCP/Home/Program/Abstract/main
INFO: [ app_init ] --START--
INFO: Run Behavior\BuildLiteBehavior [ RunTime:0.000255s ]
INFO: [ app_init ] --END-- [ RunTime:0.002291s ]
INFO: [ app_begin ] --START--
INFO: Run Behavior\ReadHtmlCacheBehavior [ RunTime:0.001623s ]
INFO: [ app_begin ] --END-- [ RunTime:0.003424s ]
INFO: [ app_end ] --START--
INFO: Run Behavior\ShowPageTraceBehavior [ RunTime:0.001787s ]
INFO: [ app_end ] --END-- [ RunTime:0.003862s ]

[ 2016-04-10T14:39:46+08:00 ] 127.0.0.1 /WCP/Home/Program/Abstract/main
INFO: [ app_init ] --START--
INFO: Run Behavior\BuildLiteBehavior [ RunTime:0.000262s ]
INFO: [ app_init ] --END-- [ RunTime:0.002398s ]
INFO: [ app_begin ] --START--
INFO: Run Behavior\ReadHtmlCacheBehavior [ RunTime:0.001627s ]
INFO: [ app_begin ] --END-- [ RunTime:0.003411s ]
INFO: [ app_end ] --START--
INFO: Run Behavior\ShowPageTraceBehavior [ RunTime:0.001705s ]
INFO: [ app_end ] --END-- [ RunTime:0.003319s ]

[ 2016-04-10T14:39:48+08:00 ] 127.0.0.1 /WCP/Home/Program/Abstract/main
INFO: [ app_init ] --START--
INFO: Run Behavior\BuildLiteBehavior [ RunTime:0.000384s ]
INFO: [ app_init ] --END-- [ RunTime:0.002953s ]
INFO: [ app_begin ] --START--
INFO: Run Behavior\ReadHtmlCacheBehavior [ RunTime:0.001373s ]
INFO: [ app_begin ] --END-- [ RunTime:0.002869s ]
NOTIC: [8] Array to string conversion D:\wamp\www\WCP\Home\Home\Controller\Program\AbstractController.class.php 第 24 行.
NOTIC: [8] Array to string conversion D:\wamp\www\WCP\Home\Home\Controller\Program\AbstractController.class.php 第 27 行.
INFO: [ app_end ] --START--
INFO: Run Behavior\ShowPageTraceBehavior [ RunTime:0.001341s ]
INFO: [ app_end ] --END-- [ RunTime:0.002889s ]

[ 2016-04-10T14:40:05+08:00 ] 127.0.0.1 /WCP/Home/Program/Abstract/main
INFO: [ app_init ] --START--
INFO: Run Behavior\BuildLiteBehavior [ RunTime:0.000262s ]
INFO: [ app_init ] --END-- [ RunTime:0.002776s ]
INFO: [ app_begin ] --START--
INFO: Run Behavior\ReadHtmlCacheBehavior [ RunTime:0.002217s ]
INFO: [ app_begin ] --END-- [ RunTime:0.005876s ]
NOTIC: [8] Array to string conversion D:\wamp\www\WCP\Home\Home\Controller\Program\AbstractController.class.php 第 24 行.
NOTIC: [8] Array to string conversion D:\wamp\www\WCP\Home\Home\Controller\Program\AbstractController.class.php 第 27 行.
INFO: [ app_end ] --START--
INFO: Run Behavior\ShowPageTraceBehavior [ RunTime:0.002537s ]
INFO: [ app_end ] --END-- [ RunTime:0.006506s ]

[ 2016-04-10T14:40:06+08:00 ] 127.0.0.1 /WCP/Home/Program/Abstract/main
INFO: [ app_init ] --START--
INFO: Run Behavior\BuildLiteBehavior [ RunTime:0.000296s ]
INFO: [ app_init ] --END-- [ RunTime:0.002456s ]
INFO: [ app_begin ] --START--
INFO: Run Behavior\ReadHtmlCacheBehavior [ RunTime:0.001450s ]
INFO: [ app_begin ] --END-- [ RunTime:0.003095s ]
NOTIC: [8] Array to string conversion D:\wamp\www\WCP\Home\Home\Controller\Program\AbstractController.class.php 第 24 行.
NOTIC: [8] Array to string conversion D:\wamp\www\WCP\Home\Home\Controller\Program\AbstractController.class.php 第 27 行.
INFO: [ app_end ] --START--
INFO: Run Behavior\ShowPageTraceBehavior [ RunTime:0.002029s ]
INFO: [ app_end ] --END-- [ RunTime:0.003714s ]

[ 2016-04-10T14:40:17+08:00 ] 127.0.0.1 /WCP/Home/Program/Abstract/main
INFO: [ app_init ] --START--
INFO: Run Behavior\BuildLiteBehavior [ RunTime:0.000785s ]
INFO: [ app_init ] --END-- [ RunTime:0.004050s ]
INFO: [ app_begin ] --START--
INFO: Run Behavior\ReadHtmlCacheBehavior [ RunTime:0.001662s ]
INFO: [ app_begin ] --END-- [ RunTime:0.003785s ]
NOTIC: [8] Array to string conversion D:\wamp\www\WCP\Home\Home\Controller\Program\AbstractController.class.php 第 24 行.
NOTIC: [8] Array to string conversion D:\wamp\www\WCP\Home\Home\Controller\Program\AbstractController.class.php 第 27 行.
INFO: [ app_end ] --START--
INFO: Run Behavior\ShowPageTraceBehavior [ RunTime:0.001260s ]
INFO: [ app_end ] --END-- [ RunTime:0.002826s ]

[ 2016-04-10T14:40:18+08:00 ] 127.0.0.1 /WCP/Home/Program/Abstract/main
INFO: [ app_init ] --START--
INFO: Run Behavior\BuildLiteBehavior [ RunTime:0.000488s ]
INFO: [ app_init ] --END-- [ RunTime:0.003178s ]
INFO: [ app_begin ] --START--
INFO: Run Behavior\ReadHtmlCacheBehavior [ RunTime:0.001404s ]
INFO: [ app_begin ] --END-- [ RunTime:0.003033s ]
NOTIC: [8] Array to string conversion D:\wamp\www\WCP\Home\Home\Controller\Program\AbstractController.class.php 第 27 行.
INFO: [ app_end ] --START--
INFO: Run Behavior\ShowPageTraceBehavior [ RunTime:0.001341s ]
INFO: [ app_end ] --END-- [ RunTime:0.002811s ]

[ 2016-04-10T14:40:30+08:00 ] 127.0.0.1 /WCP/Home/Program/Abstract/main
INFO: [ app_init ] --START--
INFO: Run Behavior\BuildLiteBehavior [ RunTime:0.000331s ]
INFO: [ app_init ] --END-- [ RunTime:0.002928s ]
INFO: [ app_begin ] --START--
INFO: Run Behavior\ReadHtmlCacheBehavior [ RunTime:0.001542s ]
INFO: [ app_begin ] --END-- [ RunTime:0.003195s ]
NOTIC: [8] Array to string conversion D:\wamp\www\WCP\Home\Home\Controller\Program\AbstractController.class.php 第 27 行.
INFO: [ app_end ] --START--
INFO: Run Behavior\ShowPageTraceBehavior [ RunTime:0.001337s ]
INFO: [ app_end ] --END-- [ RunTime:0.002935s ]

[ 2016-04-10T14:40:31+08:00 ] 127.0.0.1 /WCP/Home/Program/Abstract/main
INFO: [ app_init ] --START--
INFO: Run Behavior\BuildLiteBehavior [ RunTime:0.000258s ]
INFO: [ app_init ] --END-- [ RunTime:0.002521s ]
INFO: [ app_begin ] --START--
INFO: Run Behavior\ReadHtmlCacheBehavior [ RunTime:0.001722s ]
INFO: [ app_begin ] --END-- [ RunTime:0.003532s ]
NOTIC: [8] Array to string conversion D:\wamp\www\WCP\Home\Home\Controller\Program\AbstractController.class.php 第 27 行.
INFO: [ app_end ] --START--
INFO: Run Behavior\ShowPageTraceBehavior [ RunTime:0.001303s ]
INFO: [ app_end ] --END-- [ RunTime:0.002817s ]

[ 2016-04-10T14:40:47+08:00 ] 127.0.0.1 /WCP/Home/Program/Abstract/main
INFO: [ app_init ] --START--
INFO: Run Behavior\BuildLiteBehavior [ RunTime:0.000256s ]
INFO: [ app_init ] --END-- [ RunTime:0.002411s ]
INFO: [ app_begin ] --START--
INFO: Run Behavior\ReadHtmlCacheBehavior [ RunTime:0.001504s ]
INFO: [ app_begin ] --END-- [ RunTime:0.003269s ]
INFO: [ app_end ] --START--
INFO: Run Behavior\ShowPageTraceBehavior [ RunTime:0.001457s ]
INFO: [ app_end ] --END-- [ RunTime:0.003042s ]

