[ 2016-04-11T11:59:46+08:00 ] 127.0.0.1 /WCP/Home/MakerWay/Index/index
INFO: [ app_init ] --START--
INFO: Run Behavior\BuildLiteBehavior [ RunTime:0.000335s ]
INFO: [ app_init ] --END-- [ RunTime:0.010747s ]
INFO: [ app_begin ] --START--
INFO: Run Behavior\ReadHtmlCacheBehavior [ RunTime:0.001790s ]
INFO: [ app_begin ] --END-- [ RunTime:0.003300s ]
INFO: [ view_parse ] --START--
INFO: [ template_filter ] --START--
INFO: Run Behavior\ContentReplaceBehavior [ RunTime:0.001860s ]
INFO: [ template_filter ] --END-- [ RunTime:0.005092s ]
INFO: Run Behavior\ParseTemplateBehavior [ RunTime:0.150325s ]
INFO: [ view_parse ] --END-- [ RunTime:0.153420s ]
INFO: [ view_filter ] --START--
INFO: Run Behavior\WriteHtmlCacheBehavior [ RunTime:0.012066s ]
INFO: [ view_filter ] --END-- [ RunTime:0.015747s ]
INFO: [ app_end ] --START--
INFO: Run Behavior\ShowPageTraceBehavior [ RunTime:0.013737s ]
INFO: [ app_end ] --END-- [ RunTime:0.016564s ]

[ 2016-04-11T12:00:41+08:00 ] 127.0.0.1 /WCP/Home/MakerWay/Index/index?helen=huihui
INFO: [ app_init ] --START--
INFO: Run Behavior\BuildLiteBehavior [ RunTime:0.000261s ]
INFO: [ app_init ] --END-- [ RunTime:0.002311s ]
INFO: [ app_begin ] --START--
INFO: Run Behavior\ReadHtmlCacheBehavior [ RunTime:0.001413s ]
INFO: [ app_begin ] --END-- [ RunTime:0.002914s ]
INFO: [ view_parse ] --START--
INFO: [ template_filter ] --START--
INFO: Run Behavior\ContentReplaceBehavior [ RunTime:0.000993s ]
INFO: [ template_filter ] --END-- [ RunTime:0.002614s ]
INFO: Run Behavior\ParseTemplateBehavior [ RunTime:0.024989s ]
INFO: [ view_parse ] --END-- [ RunTime:0.026825s ]
INFO: [ view_filter ] --START--
INFO: Run Behavior\WriteHtmlCacheBehavior [ RunTime:0.001756s ]
INFO: [ view_filter ] --END-- [ RunTime:0.003592s ]
INFO: [ app_end ] --START--
INFO: Run Behavior\ShowPageTraceBehavior [ RunTime:0.001464s ]
INFO: [ app_end ] --END-- [ RunTime:0.002945s ]

[ 2016-04-11T14:37:21+08:00 ] 127.0.0.1 /WCP/Home/MakerWay/Index/index?helen=huihui
INFO: [ app_init ] --START--
INFO: Run Behavior\BuildLiteBehavior [ RunTime:0.000277s ]
INFO: [ app_init ] --END-- [ RunTime:0.002426s ]
INFO: [ app_begin ] --START--
INFO: Run Behavior\ReadHtmlCacheBehavior [ RunTime:0.001380s ]
INFO: [ app_begin ] --END-- [ RunTime:0.002879s ]
INFO: [ view_parse ] --START--
INFO: [ template_filter ] --START--
INFO: Run Behavior\ContentReplaceBehavior [ RunTime:0.000989s ]
INFO: [ template_filter ] --END-- [ RunTime:0.002511s ]
INFO: Run Behavior\ParseTemplateBehavior [ RunTime:0.036187s ]
INFO: [ view_parse ] --END-- [ RunTime:0.037766s ]
INFO: [ view_filter ] --START--
INFO: Run Behavior\WriteHtmlCacheBehavior [ RunTime:0.001306s ]
INFO: [ view_filter ] --END-- [ RunTime:0.002808s ]
INFO: [ app_end ] --START--
INFO: Run Behavior\ShowPageTraceBehavior [ RunTime:0.002923s ]
INFO: [ app_end ] --END-- [ RunTime:0.004576s ]

[ 2016-04-11T14:37:22+08:00 ] 127.0.0.1 /WCP/Home/MakerWay/Index/index?helen=huihui
INFO: [ app_init ] --START--
INFO: Run Behavior\BuildLiteBehavior [ RunTime:0.000249s ]
INFO: [ app_init ] --END-- [ RunTime:0.002386s ]
INFO: [ app_begin ] --START--
INFO: Run Behavior\ReadHtmlCacheBehavior [ RunTime:0.001334s ]
INFO: [ app_begin ] --END-- [ RunTime:0.002850s ]
INFO: [ view_parse ] --START--
INFO: [ template_filter ] --START--
INFO: Run Behavior\ContentReplaceBehavior [ RunTime:0.000964s ]
INFO: [ template_filter ] --END-- [ RunTime:0.002681s ]
INFO: Run Behavior\ParseTemplateBehavior [ RunTime:0.028791s ]
INFO: [ view_parse ] --END-- [ RunTime:0.030387s ]
INFO: [ view_filter ] --START--
INFO: Run Behavior\WriteHtmlCacheBehavior [ RunTime:0.001388s ]
INFO: [ view_filter ] --END-- [ RunTime:0.002915s ]
INFO: [ app_end ] --START--
INFO: Run Behavior\ShowPageTraceBehavior [ RunTime:0.001262s ]
INFO: [ app_end ] --END-- [ RunTime:0.002770s ]

[ 2016-04-11T14:37:23+08:00 ] 127.0.0.1 /WCP/Home/MakerWay/Index/index?helen=huihui
INFO: [ app_init ] --START--
INFO: Run Behavior\BuildLiteBehavior [ RunTime:0.000247s ]
INFO: [ app_init ] --END-- [ RunTime:0.002301s ]
INFO: [ app_begin ] --START--
INFO: Run Behavior\ReadHtmlCacheBehavior [ RunTime:0.001516s ]
INFO: [ app_begin ] --END-- [ RunTime:0.003325s ]
INFO: [ view_parse ] --START--
INFO: [ template_filter ] --START--
INFO: Run Behavior\ContentReplaceBehavior [ RunTime:0.000950s ]
INFO: [ template_filter ] --END-- [ RunTime:0.002528s ]
INFO: Run Behavior\ParseTemplateBehavior [ RunTime:0.025175s ]
INFO: [ view_parse ] --END-- [ RunTime:0.026687s ]
INFO: [ view_filter ] --START--
INFO: Run Behavior\WriteHtmlCacheBehavior [ RunTime:0.001107s ]
INFO: [ view_filter ] --END-- [ RunTime:0.002544s ]
INFO: [ app_end ] --START--
INFO: Run Behavior\ShowPageTraceBehavior [ RunTime:0.001362s ]
INFO: [ app_end ] --END-- [ RunTime:0.003068s ]

[ 2016-04-11T14:37:28+08:00 ] 127.0.0.1 /WCP/Home/MakerWay/Index/index?helen=huihui
INFO: [ app_init ] --START--
INFO: Run Behavior\BuildLiteBehavior [ RunTime:0.000318s ]
INFO: [ app_init ] --END-- [ RunTime:0.002492s ]
INFO: [ app_begin ] --START--
INFO: Run Behavior\ReadHtmlCacheBehavior [ RunTime:0.001368s ]
INFO: [ app_begin ] --END-- [ RunTime:0.002954s ]
INFO: [ view_parse ] --START--
INFO: [ template_filter ] --START--
INFO: Run Behavior\ContentReplaceBehavior [ RunTime:0.008812s ]
INFO: [ template_filter ] --END-- [ RunTime:0.028723s ]
INFO: Run Behavior\ParseTemplateBehavior [ RunTime:0.072892s ]
INFO: [ view_parse ] --END-- [ RunTime:0.075021s ]
INFO: [ view_filter ] --START--
INFO: Run Behavior\WriteHtmlCacheBehavior [ RunTime:0.001235s ]
INFO: [ view_filter ] --END-- [ RunTime:0.003186s ]
INFO: [ app_end ] --START--
INFO: Run Behavior\ShowPageTraceBehavior [ RunTime:0.001332s ]
INFO: [ app_end ] --END-- [ RunTime:0.002959s ]

[ 2016-04-11T14:37:29+08:00 ] 127.0.0.1 /WCP/Home/MakerWay/Index/index?helen=huihui
INFO: [ app_init ] --START--
INFO: Run Behavior\BuildLiteBehavior [ RunTime:0.000275s ]
INFO: [ app_init ] --END-- [ RunTime:0.002415s ]
INFO: [ app_begin ] --START--
INFO: Run Behavior\ReadHtmlCacheBehavior [ RunTime:0.001322s ]
INFO: [ app_begin ] --END-- [ RunTime:0.002804s ]
INFO: [ view_parse ] --START--
INFO: [ template_filter ] --START--
INFO: Run Behavior\ContentReplaceBehavior [ RunTime:0.000953s ]
INFO: [ template_filter ] --END-- [ RunTime:0.002538s ]
INFO: Run Behavior\ParseTemplateBehavior [ RunTime:0.024840s ]
INFO: [ view_parse ] --END-- [ RunTime:0.026259s ]
INFO: [ view_filter ] --START--
INFO: Run Behavior\WriteHtmlCacheBehavior [ RunTime:0.001050s ]
INFO: [ view_filter ] --END-- [ RunTime:0.002441s ]
INFO: [ app_end ] --START--
INFO: Run Behavior\ShowPageTraceBehavior [ RunTime:0.001257s ]
INFO: [ app_end ] --END-- [ RunTime:0.002665s ]

[ 2016-04-11T14:37:40+08:00 ] 127.0.0.1 /WCP/Home/MakerWay/Index/index?helen=huihui
INFO: [ app_init ] --START--
INFO: Run Behavior\BuildLiteBehavior [ RunTime:0.000299s ]
INFO: [ app_init ] --END-- [ RunTime:0.002763s ]
INFO: [ app_begin ] --START--
INFO: Run Behavior\ReadHtmlCacheBehavior [ RunTime:0.001528s ]
INFO: [ app_begin ] --END-- [ RunTime:0.003120s ]
NOTIC: [2] include(D:\wamp\www\WCP\Home\Home\Controller\MakerWay\IndexController.class.php): failed to open stream: Permission denied D:\wamp\www\WCP\ThinkPHP\Library\Think\Think.class.php 第 168 行.
NOTIC: [2] include(): Failed opening './Home/Home/Controller/MakerWay/IndexController.class.php' for inclusion (include_path='.;C:\php\pear') D:\wamp\www\WCP\ThinkPHP\Library\Think\Think.class.php 第 168 行.
ERR: 无法加载控制器:MakerWay/Index

[ 2016-04-11T14:37:43+08:00 ] 127.0.0.1 /WCP/Home/MakerWay/Index/index?helen=huihui
INFO: [ app_init ] --START--
INFO: Run Behavior\BuildLiteBehavior [ RunTime:0.000323s ]
INFO: [ app_init ] --END-- [ RunTime:0.002250s ]
INFO: [ app_begin ] --START--
INFO: Run Behavior\ReadHtmlCacheBehavior [ RunTime:0.001285s ]
INFO: [ app_begin ] --END-- [ RunTime:0.002819s ]
INFO: [ view_parse ] --START--
INFO: [ template_filter ] --START--
INFO: Run Behavior\ContentReplaceBehavior [ RunTime:0.000999s ]
INFO: [ template_filter ] --END-- [ RunTime:0.002714s ]
INFO: Run Behavior\ParseTemplateBehavior [ RunTime:0.024979s ]
INFO: [ view_parse ] --END-- [ RunTime:0.026508s ]
INFO: [ view_filter ] --START--
INFO: Run Behavior\WriteHtmlCacheBehavior [ RunTime:0.001633s ]
INFO: [ view_filter ] --END-- [ RunTime:0.003873s ]
INFO: [ app_end ] --START--
INFO: Run Behavior\ShowPageTraceBehavior [ RunTime:0.001486s ]
INFO: [ app_end ] --END-- [ RunTime:0.003148s ]

[ 2016-04-11T14:37:44+08:00 ] 127.0.0.1 /WCP/Home/MakerWay/Index/index?helen=huihui
INFO: [ app_init ] --START--
INFO: Run Behavior\BuildLiteBehavior [ RunTime:0.000713s ]
INFO: [ app_init ] --END-- [ RunTime:0.006305s ]
INFO: [ app_begin ] --START--
INFO: Run Behavior\ReadHtmlCacheBehavior [ RunTime:0.002425s ]
INFO: [ app_begin ] --END-- [ RunTime:0.004920s ]
INFO: [ view_parse ] --START--
INFO: [ template_filter ] --START--
INFO: Run Behavior\ContentReplaceBehavior [ RunTime:0.000962s ]
INFO: [ template_filter ] --END-- [ RunTime:0.002674s ]
INFO: Run Behavior\ParseTemplateBehavior [ RunTime:0.025335s ]
INFO: [ view_parse ] --END-- [ RunTime:0.026872s ]
INFO: [ view_filter ] --START--
INFO: Run Behavior\WriteHtmlCacheBehavior [ RunTime:0.001036s ]
INFO: [ view_filter ] --END-- [ RunTime:0.002496s ]
INFO: [ app_end ] --START--
INFO: Run Behavior\ShowPageTraceBehavior [ RunTime:0.001353s ]
INFO: [ app_end ] --END-- [ RunTime:0.003048s ]

[ 2016-04-11T14:37:46+08:00 ] 127.0.0.1 /WCP/Home/MakerWay/Index/index?helen=huihui
INFO: [ app_init ] --START--
INFO: Run Behavior\BuildLiteBehavior [ RunTime:0.000287s ]
INFO: [ app_init ] --END-- [ RunTime:0.002577s ]
INFO: [ app_begin ] --START--
INFO: Run Behavior\ReadHtmlCacheBehavior [ RunTime:0.001864s ]
INFO: [ app_begin ] --END-- [ RunTime:0.003646s ]
INFO: [ view_parse ] --START--
INFO: [ template_filter ] --START--
INFO: Run Behavior\ContentReplaceBehavior [ RunTime:0.001186s ]
INFO: [ template_filter ] --END-- [ RunTime:0.003488s ]
INFO: Run Behavior\ParseTemplateBehavior [ RunTime:0.029250s ]
INFO: [ view_parse ] --END-- [ RunTime:0.030866s ]
INFO: [ view_filter ] --START--
INFO: Run Behavior\WriteHtmlCacheBehavior [ RunTime:0.001284s ]
INFO: [ view_filter ] --END-- [ RunTime:0.002900s ]
INFO: [ app_end ] --START--
INFO: Run Behavior\ShowPageTraceBehavior [ RunTime:0.001784s ]
INFO: [ app_end ] --END-- [ RunTime:0.004096s ]

[ 2016-04-11T17:04:14+08:00 ] 127.0.0.1 /WCP/Home/Weixin/Test/test
INFO: [ app_init ] --START--
INFO: Run Behavior\BuildLiteBehavior [ RunTime:0.000559s ]
INFO: [ app_init ] --END-- [ RunTime:0.021416s ]
INFO: [ app_begin ] --START--
INFO: Run Behavior\ReadHtmlCacheBehavior [ RunTime:0.004395s ]
INFO: [ app_begin ] --END-- [ RunTime:0.007475s ]
ERR: 无法加载控制器:Weixin/Test

[ 2016-04-11T17:04:33+08:00 ] 127.0.0.1 /WCP/index.php/Home/Weixin/Test/test
INFO: [ app_init ] --START--
INFO: Run Behavior\BuildLiteBehavior [ RunTime:0.000480s ]
INFO: [ app_init ] --END-- [ RunTime:0.009343s ]
INFO: [ app_begin ] --START--
INFO: Run Behavior\ReadHtmlCacheBehavior [ RunTime:0.001317s ]
INFO: [ app_begin ] --END-- [ RunTime:0.002849s ]
ERR: 无法加载控制器:Weixin/Test

[ 2016-04-11T17:04:49+08:00 ] 127.0.0.1 /WCP/index.php/Home/Weixin/Test/test
INFO: [ app_init ] --START--
INFO: Run Behavior\BuildLiteBehavior [ RunTime:0.000498s ]
INFO: [ app_init ] --END-- [ RunTime:0.003866s ]
INFO: [ app_begin ] --START--
INFO: Run Behavior\ReadHtmlCacheBehavior [ RunTime:0.001805s ]
INFO: [ app_begin ] --END-- [ RunTime:0.003870s ]
INFO: [ view_parse ] --START--
NOTIC: [2] file_get_contents({$public}/js/weixin.html): failed to open stream: No such file or directory D:\wamp\www\WCP\ThinkPHP\Library\Think\Template.class.php 第 696 行.
NOTIC: [2] file_get_contents(/var/www/company_meezao/Website/Public/MeeZao/js/weixin.html): failed to open stream: No such file or directory D:\wamp\www\WCP\ThinkPHP\Library\Think\Template.class.php 第 696 行.
INFO: [ template_filter ] --START--
INFO: Run Behavior\ContentReplaceBehavior [ RunTime:0.000884s ]
INFO: [ template_filter ] --END-- [ RunTime:0.002369s ]
NOTIC: [8] Undefined variable: basetitle D:\wamp\www\WCP\Home\Runtime\Cache\Home\88afd3da6f3d8feb318962bdae86a083.php 第 7 行.
INFO: Run Behavior\ParseTemplateBehavior [ RunTime:0.077264s ]
INFO: [ view_parse ] --END-- [ RunTime:0.078747s ]
INFO: [ view_filter ] --START--
INFO: Run Behavior\WriteHtmlCacheBehavior [ RunTime:0.018928s ]
INFO: [ view_filter ] --END-- [ RunTime:0.020786s ]
INFO: [ app_end ] --START--
INFO: Run Behavior\ShowPageTraceBehavior [ RunTime:0.015659s ]
INFO: [ app_end ] --END-- [ RunTime:0.017825s ]

[ 2016-04-11T17:04:49+08:00 ] 127.0.0.1 /WCP/index.php/Home/Weixin/Test/__MEEZAO2__/Game/ShuanFuweng/css/base.css
INFO: [ app_init ] --START--
INFO: Run Behavior\BuildLiteBehavior [ RunTime:0.003872s ]
INFO: [ app_init ] --END-- [ RunTime:0.008082s ]
INFO: [ app_begin ] --START--
INFO: Run Behavior\ReadHtmlCacheBehavior [ RunTime:0.002604s ]
INFO: [ app_begin ] --END-- [ RunTime:0.006902s ]
ERR: 非法操作:__MEEZAO2__

[ 2016-04-11T17:04:49+08:00 ] 127.0.0.1 /WCP/index.php/Home/Weixin/Test/__MEEZAO2__/Game/ShuanFuweng/css/start.css
INFO: [ app_init ] --START--
INFO: Run Behavior\BuildLiteBehavior [ RunTime:0.000464s ]
INFO: [ app_init ] --END-- [ RunTime:0.004222s ]
INFO: [ app_begin ] --START--
INFO: Run Behavior\ReadHtmlCacheBehavior [ RunTime:0.003100s ]
INFO: [ app_begin ] --END-- [ RunTime:0.008067s ]
ERR: 非法操作:__MEEZAO2__

[ 2016-04-11T17:04:49+08:00 ] 127.0.0.1 /WCP/index.php/Home/Weixin/Test/__MEEZAO2__/js/weixin.js
INFO: [ app_init ] --START--
INFO: Run Behavior\BuildLiteBehavior [ RunTime:0.000474s ]
INFO: [ app_init ] --END-- [ RunTime:0.004031s ]
INFO: [ app_begin ] --START--
INFO: Run Behavior\ReadHtmlCacheBehavior [ RunTime:0.002457s ]
INFO: [ app_begin ] --END-- [ RunTime:0.005449s ]
ERR: 非法操作:__MEEZAO2__

[ 2016-04-11T17:04:49+08:00 ] 127.0.0.1 /WCP/index.php/Home/Weixin/Test/__MEEZAO2__/Game/ShuanFuweng/css/font-awesome.min.css
INFO: [ app_init ] --START--
INFO: Run Behavior\BuildLiteBehavior [ RunTime:0.002650s ]
INFO: [ app_init ] --END-- [ RunTime:0.013376s ]
INFO: [ app_begin ] --START--
INFO: Run Behavior\ReadHtmlCacheBehavior [ RunTime:0.002739s ]
INFO: [ app_begin ] --END-- [ RunTime:0.008745s ]
ERR: 非法操作:__MEEZAO2__

[ 2016-04-11T17:05:00+08:00 ] 127.0.0.1 /WCP/index.php/Home/Weixin/Test/test
INFO: [ app_init ] --START--
INFO: Run Behavior\BuildLiteBehavior [ RunTime:0.000421s ]
INFO: [ app_init ] --END-- [ RunTime:0.003935s ]
INFO: [ app_begin ] --START--
INFO: Run Behavior\ReadHtmlCacheBehavior [ RunTime:0.001321s ]
INFO: [ app_begin ] --END-- [ RunTime:0.002888s ]
INFO: [ view_parse ] --START--
NOTIC: [2] file_get_contents({$public}/js/weixin.html): failed to open stream: No such file or directory D:\wamp\www\WCP\ThinkPHP\Library\Think\Template.class.php 第 696 行.
NOTIC: [2] file_get_contents(/var/www/company_meezao/Website/Public/MeeZao/js/weixin.html): failed to open stream: No such file or directory D:\wamp\www\WCP\ThinkPHP\Library\Think\Template.class.php 第 696 行.
INFO: [ template_filter ] --START--
INFO: Run Behavior\ContentReplaceBehavior [ RunTime:0.000879s ]
INFO: [ template_filter ] --END-- [ RunTime:0.002427s ]
NOTIC: [8] Undefined variable: basetitle D:\wamp\www\WCP\Home\Runtime\Cache\Home\88afd3da6f3d8feb318962bdae86a083.php 第 7 行.
INFO: Run Behavior\ParseTemplateBehavior [ RunTime:0.028425s ]
INFO: [ view_parse ] --END-- [ RunTime:0.029906s ]
INFO: [ view_filter ] --START--
INFO: Run Behavior\WriteHtmlCacheBehavior [ RunTime:0.001160s ]
INFO: [ view_filter ] --END-- [ RunTime:0.002728s ]
INFO: [ app_end ] --START--
INFO: Run Behavior\ShowPageTraceBehavior [ RunTime:0.001383s ]
INFO: [ app_end ] --END-- [ RunTime:0.003018s ]

[ 2016-04-11T17:05:00+08:00 ] 127.0.0.1 /WCP/index.php/Home/Weixin/Test/__MEEZAO2__/js/weixin.js
INFO: [ app_init ] --START--
INFO: Run Behavior\BuildLiteBehavior [ RunTime:0.000507s ]
INFO: [ app_init ] --END-- [ RunTime:0.005785s ]
INFO: [ app_begin ] --START--
INFO: Run Behavior\ReadHtmlCacheBehavior [ RunTime:0.007290s ]
INFO: [ app_begin ] --END-- [ RunTime:0.010494s ]
ERR: 非法操作:__MEEZAO2__

[ 2016-04-11T17:05:00+08:00 ] 127.0.0.1 /WCP/index.php/Home/Weixin/Test/__MEEZAO2__/Game/ShuanFuweng/css/base.css
INFO: [ app_init ] --START--
INFO: Run Behavior\BuildLiteBehavior [ RunTime:0.001417s ]
INFO: [ app_init ] --END-- [ RunTime:0.006104s ]
INFO: [ app_begin ] --START--
INFO: Run Behavior\ReadHtmlCacheBehavior [ RunTime:0.003886s ]
INFO: [ app_begin ] --END-- [ RunTime:0.009204s ]
ERR: 非法操作:__MEEZAO2__

[ 2016-04-11T17:05:00+08:00 ] 127.0.0.1 /WCP/index.php/Home/Weixin/Test/__MEEZAO2__/Game/ShuanFuweng/css/font-awesome.min.css
INFO: [ app_init ] --START--
INFO: Run Behavior\BuildLiteBehavior [ RunTime:0.000506s ]
INFO: [ app_init ] --END-- [ RunTime:0.004203s ]
INFO: [ app_begin ] --START--
INFO: Run Behavior\ReadHtmlCacheBehavior [ RunTime:0.005958s ]
INFO: [ app_begin ] --END-- [ RunTime:0.009701s ]
ERR: 非法操作:__MEEZAO2__

[ 2016-04-11T17:05:00+08:00 ] 127.0.0.1 /WCP/index.php/Home/Weixin/Test/__MEEZAO2__/Game/ShuanFuweng/css/start.css
INFO: [ app_init ] --START--
INFO: Run Behavior\BuildLiteBehavior [ RunTime:0.000508s ]
INFO: [ app_init ] --END-- [ RunTime:0.004182s ]
INFO: [ app_begin ] --START--
INFO: Run Behavior\ReadHtmlCacheBehavior [ RunTime:0.004640s ]
INFO: [ app_begin ] --END-- [ RunTime:0.008147s ]
ERR: 非法操作:__MEEZAO2__

[ 2016-04-11T17:06:45+08:00 ] 127.0.0.1 /WCP/index.php/Home/Weixin/Test/test
INFO: [ app_init ] --START--
INFO: Run Behavior\BuildLiteBehavior [ RunTime:0.000458s ]
INFO: [ app_init ] --END-- [ RunTime:0.003499s ]
INFO: [ app_begin ] --START--
INFO: Run Behavior\ReadHtmlCacheBehavior [ RunTime:0.001994s ]
INFO: [ app_begin ] --END-- [ RunTime:0.004313s ]
INFO: [ view_parse ] --START--
NOTIC: [2] file_get_contents({$public}/js/weixin.html): failed to open stream: No such file or directory D:\wamp\www\WCP\ThinkPHP\Library\Think\Template.class.php 第 696 行.
NOTIC: [2] file_get_contents(/var/www/company_meezao/Website/Public/MeeZao/js/weixin.html): failed to open stream: No such file or directory D:\wamp\www\WCP\ThinkPHP\Library\Think\Template.class.php 第 696 行.
INFO: [ template_filter ] --START--
INFO: Run Behavior\ContentReplaceBehavior [ RunTime:0.000879s ]
INFO: [ template_filter ] --END-- [ RunTime:0.002414s ]
NOTIC: [8] Undefined variable: basetitle D:\wamp\www\WCP\Home\Runtime\Cache\Home\88afd3da6f3d8feb318962bdae86a083.php 第 7 行.
INFO: Run Behavior\ParseTemplateBehavior [ RunTime:0.026881s ]
INFO: [ view_parse ] --END-- [ RunTime:0.028873s ]
INFO: [ view_filter ] --START--
INFO: Run Behavior\WriteHtmlCacheBehavior [ RunTime:0.001197s ]
INFO: [ view_filter ] --END-- [ RunTime:0.002772s ]
INFO: [ app_end ] --START--
INFO: Run Behavior\ShowPageTraceBehavior [ RunTime:0.001250s ]
INFO: [ app_end ] --END-- [ RunTime:0.002673s ]

[ 2016-04-11T17:06:45+08:00 ] 127.0.0.1 /WCP/index.php/Home/Weixin/Test/__MEEZAO2__/Game/ShuanFuweng/css/base.css
INFO: [ app_init ] --START--
INFO: Run Behavior\BuildLiteBehavior [ RunTime:0.000763s ]
INFO: [ app_init ] --END-- [ RunTime:0.004447s ]
INFO: [ app_begin ] --START--
INFO: Run Behavior\ReadHtmlCacheBehavior [ RunTime:0.004068s ]
INFO: [ app_begin ] --END-- [ RunTime:0.007200s ]
ERR: 非法操作:__MEEZAO2__

[ 2016-04-11T17:06:45+08:00 ] 127.0.0.1 /WCP/index.php/Home/Weixin/Test/__MEEZAO2__/Game/ShuanFuweng/css/font-awesome.min.css
INFO: [ app_init ] --START--
INFO: Run Behavior\BuildLiteBehavior [ RunTime:0.000549s ]
INFO: [ app_init ] --END-- [ RunTime:0.004219s ]
INFO: [ app_begin ] --START--
INFO: Run Behavior\ReadHtmlCacheBehavior [ RunTime:0.005611s ]
INFO: [ app_begin ] --END-- [ RunTime:0.011221s ]
ERR: 非法操作:__MEEZAO2__

[ 2016-04-11T17:06:45+08:00 ] 127.0.0.1 /WCP/index.php/Home/Weixin/Test/__MEEZAO2__/js/weixin.js
INFO: [ app_init ] --START--
INFO: Run Behavior\BuildLiteBehavior [ RunTime:0.001407s ]
INFO: [ app_init ] --END-- [ RunTime:0.005353s ]
INFO: [ app_begin ] --START--
INFO: Run Behavior\ReadHtmlCacheBehavior [ RunTime:0.002711s ]
INFO: [ app_begin ] --END-- [ RunTime:0.007878s ]
ERR: 非法操作:__MEEZAO2__

[ 2016-04-11T17:06:45+08:00 ] 127.0.0.1 /WCP/index.php/Home/Weixin/Test/__MEEZAO2__/Game/ShuanFuweng/css/start.css
INFO: [ app_init ] --START--
INFO: Run Behavior\BuildLiteBehavior [ RunTime:0.000473s ]
INFO: [ app_init ] --END-- [ RunTime:0.006155s ]
INFO: [ app_begin ] --START--
INFO: Run Behavior\ReadHtmlCacheBehavior [ RunTime:0.039425s ]
INFO: [ app_begin ] --END-- [ RunTime:0.049160s ]
ERR: 非法操作:__MEEZAO2__

[ 2016-04-11T17:06:46+08:00 ] 127.0.0.1 /WCP/index.php/Home/Weixin/Test/test
INFO: [ app_init ] --START--
INFO: Run Behavior\BuildLiteBehavior [ RunTime:0.000259s ]
INFO: [ app_init ] --END-- [ RunTime:0.002449s ]
INFO: [ app_begin ] --START--
INFO: Run Behavior\ReadHtmlCacheBehavior [ RunTime:0.001344s ]
INFO: [ app_begin ] --END-- [ RunTime:0.002970s ]
INFO: [ view_parse ] --START--
NOTIC: [2] file_get_contents({$public_path}/Weixin/weixin.html): failed to open stream: No such file or directory D:\wamp\www\WCP\ThinkPHP\Library\Think\Template.class.php 第 696 行.
NOTIC: [2] file_get_contents({$public_path}/Weixin/weixin.html): failed to open stream: No such file or directory D:\wamp\www\WCP\ThinkPHP\Library\Think\Template.class.php 第 696 行.
INFO: [ template_filter ] --START--
INFO: Run Behavior\ContentReplaceBehavior [ RunTime:0.000877s ]
INFO: [ template_filter ] --END-- [ RunTime:0.002390s ]
NOTIC: [8] Undefined variable: basetitle D:\wamp\www\WCP\Home\Runtime\Cache\Home\88afd3da6f3d8feb318962bdae86a083.php 第 7 行.
INFO: Run Behavior\ParseTemplateBehavior [ RunTime:0.026815s ]
INFO: [ view_parse ] --END-- [ RunTime:0.028292s ]
INFO: [ view_filter ] --START--
INFO: Run Behavior\WriteHtmlCacheBehavior [ RunTime:0.001372s ]
INFO: [ view_filter ] --END-- [ RunTime:0.003061s ]
INFO: [ app_end ] --START--
INFO: Run Behavior\ShowPageTraceBehavior [ RunTime:0.001315s ]
INFO: [ app_end ] --END-- [ RunTime:0.002774s ]

[ 2016-04-11T17:06:47+08:00 ] 127.0.0.1 /WCP/index.php/Home/Weixin/Test/test
INFO: [ app_init ] --START--
INFO: Run Behavior\BuildLiteBehavior [ RunTime:0.000237s ]
INFO: [ app_init ] --END-- [ RunTime:0.002478s ]
INFO: [ app_begin ] --START--
INFO: Run Behavior\ReadHtmlCacheBehavior [ RunTime:0.001364s ]
INFO: [ app_begin ] --END-- [ RunTime:0.003153s ]
INFO: [ view_parse ] --START--
NOTIC: [2] file_get_contents({$public_path}/Weixin/weixin.html): failed to open stream: No such file or directory D:\wamp\www\WCP\ThinkPHP\Library\Think\Template.class.php 第 696 行.
NOTIC: [2] file_get_contents({$public_path}/Weixin/weixin.html): failed to open stream: No such file or directory D:\wamp\www\WCP\ThinkPHP\Library\Think\Template.class.php 第 696 行.
INFO: [ template_filter ] --START--
INFO: Run Behavior\ContentReplaceBehavior [ RunTime:0.000848s ]
INFO: [ template_filter ] --END-- [ RunTime:0.002461s ]
NOTIC: [8] Undefined variable: basetitle D:\wamp\www\WCP\Home\Runtime\Cache\Home\88afd3da6f3d8feb318962bdae86a083.php 第 7 行.
INFO: Run Behavior\ParseTemplateBehavior [ RunTime:0.030604s ]
INFO: [ view_parse ] --END-- [ RunTime:0.032097s ]
INFO: [ view_filter ] --START--
INFO: Run Behavior\WriteHtmlCacheBehavior [ RunTime:0.001171s ]
INFO: [ view_filter ] --END-- [ RunTime:0.002593s ]
INFO: [ app_end ] --START--
INFO: Run Behavior\ShowPageTraceBehavior [ RunTime:0.001382s ]
INFO: [ app_end ] --END-- [ RunTime:0.002753s ]

[ 2016-04-11T17:06:48+08:00 ] 127.0.0.1 /WCP/index.php/Home/Weixin/Test/test
INFO: [ app_init ] --START--
INFO: Run Behavior\BuildLiteBehavior [ RunTime:0.000374s ]
INFO: [ app_init ] --END-- [ RunTime:0.002516s ]
INFO: [ app_begin ] --START--
INFO: Run Behavior\ReadHtmlCacheBehavior [ RunTime:0.001328s ]
INFO: [ app_begin ] --END-- [ RunTime:0.002759s ]
INFO: [ view_parse ] --START--
NOTIC: [2] file_get_contents({$public_path}/Weixin/weixin.html): failed to open stream: No such file or directory D:\wamp\www\WCP\ThinkPHP\Library\Think\Template.class.php 第 696 行.
NOTIC: [2] file_get_contents({$public_path}/Weixin/weixin.html): failed to open stream: No such file or directory D:\wamp\www\WCP\ThinkPHP\Library\Think\Template.class.php 第 696 行.
INFO: [ template_filter ] --START--
INFO: Run Behavior\ContentReplaceBehavior [ RunTime:0.000829s ]
INFO: [ template_filter ] --END-- [ RunTime:0.002336s ]
NOTIC: [8] Undefined variable: basetitle D:\wamp\www\WCP\Home\Runtime\Cache\Home\88afd3da6f3d8feb318962bdae86a083.php 第 7 行.
INFO: Run Behavior\ParseTemplateBehavior [ RunTime:0.027893s ]
INFO: [ view_parse ] --END-- [ RunTime:0.029327s ]
INFO: [ view_filter ] --START--
INFO: Run Behavior\WriteHtmlCacheBehavior [ RunTime:0.001297s ]
INFO: [ view_filter ] --END-- [ RunTime:0.003590s ]
INFO: [ app_end ] --START--
INFO: Run Behavior\ShowPageTraceBehavior [ RunTime:0.001352s ]
INFO: [ app_end ] --END-- [ RunTime:0.002695s ]

[ 2016-04-11T17:06:49+08:00 ] 127.0.0.1 /WCP/index.php/Home/Weixin/Test/test
INFO: [ app_init ] --START--
INFO: Run Behavior\BuildLiteBehavior [ RunTime:0.000269s ]
INFO: [ app_init ] --END-- [ RunTime:0.002468s ]
INFO: [ app_begin ] --START--
INFO: Run Behavior\ReadHtmlCacheBehavior [ RunTime:0.001618s ]
INFO: [ app_begin ] --END-- [ RunTime:0.003241s ]
INFO: [ view_parse ] --START--
NOTIC: [2] file_get_contents({$public_path}/Weixin/weixin.html): failed to open stream: No such file or directory D:\wamp\www\WCP\ThinkPHP\Library\Think\Template.class.php 第 696 行.
NOTIC: [2] file_get_contents({$public_path}/Weixin/weixin.html): failed to open stream: No such file or directory D:\wamp\www\WCP\ThinkPHP\Library\Think\Template.class.php 第 696 行.
INFO: [ template_filter ] --START--
INFO: Run Behavior\ContentReplaceBehavior [ RunTime:0.000879s ]
INFO: [ template_filter ] --END-- [ RunTime:0.002384s ]
NOTIC: [8] Undefined variable: basetitle D:\wamp\www\WCP\Home\Runtime\Cache\Home\88afd3da6f3d8feb318962bdae86a083.php 第 7 行.
INFO: Run Behavior\ParseTemplateBehavior [ RunTime:0.033010s ]
INFO: [ view_parse ] --END-- [ RunTime:0.034558s ]
INFO: [ view_filter ] --START--
INFO: Run Behavior\WriteHtmlCacheBehavior [ RunTime:0.001209s ]
INFO: [ view_filter ] --END-- [ RunTime:0.002718s ]
INFO: [ app_end ] --START--
INFO: Run Behavior\ShowPageTraceBehavior [ RunTime:0.001335s ]
INFO: [ app_end ] --END-- [ RunTime:0.002841s ]

[ 2016-04-11T17:07:39+08:00 ] 127.0.0.1 /WCP/index.php/Home/Weixin/Test/test
INFO: [ app_init ] --START--
INFO: Run Behavior\BuildLiteBehavior [ RunTime:0.000311s ]
INFO: [ app_init ] --END-- [ RunTime:0.002366s ]
INFO: [ app_begin ] --START--
INFO: Run Behavior\ReadHtmlCacheBehavior [ RunTime:0.001420s ]
INFO: [ app_begin ] --END-- [ RunTime:0.002922s ]
INFO: [ view_parse ] --START--
NOTIC: [2] file_get_contents({$public_path}/Weixin/weixin.html): failed to open stream: No such file or directory D:\wamp\www\WCP\ThinkPHP\Library\Think\Template.class.php 第 696 行.
NOTIC: [2] file_get_contents({$public_path}/Weixin/weixin.html): failed to open stream: No such file or directory D:\wamp\www\WCP\ThinkPHP\Library\Think\Template.class.php 第 696 行.
INFO: [ template_filter ] --START--
INFO: Run Behavior\ContentReplaceBehavior [ RunTime:0.000883s ]
INFO: [ template_filter ] --END-- [ RunTime:0.002396s ]
NOTIC: [8] Undefined variable: basetitle D:\wamp\www\WCP\Home\Runtime\Cache\Home\88afd3da6f3d8feb318962bdae86a083.php 第 7 行.
INFO: Run Behavior\ParseTemplateBehavior [ RunTime:0.027141s ]
INFO: [ view_parse ] --END-- [ RunTime:0.028560s ]
INFO: [ view_filter ] --START--
INFO: Run Behavior\WriteHtmlCacheBehavior [ RunTime:0.001476s ]
INFO: [ view_filter ] --END-- [ RunTime:0.002982s ]
INFO: [ app_end ] --START--
INFO: Run Behavior\ShowPageTraceBehavior [ RunTime:0.001303s ]
INFO: [ app_end ] --END-- [ RunTime:0.002776s ]

[ 2016-04-11T17:08:19+08:00 ] 127.0.0.1 /WCP/index.php/Home/Weixin/Test/test
INFO: [ app_init ] --START--
INFO: Run Behavior\BuildLiteBehavior [ RunTime:0.000274s ]
INFO: [ app_init ] --END-- [ RunTime:0.002503s ]
INFO: [ app_begin ] --START--
INFO: Run Behavior\ReadHtmlCacheBehavior [ RunTime:0.001367s ]
INFO: [ app_begin ] --END-- [ RunTime:0.002995s ]
INFO: [ view_parse ] --START--
NOTIC: [2] file_get_contents({$public_path}/Weixin/weixin.html): failed to open stream: No such file or directory D:\wamp\www\WCP\ThinkPHP\Library\Think\Template.class.php 第 696 行.
NOTIC: [2] file_get_contents({$public_path}/Weixin/weixin.html): failed to open stream: No such file or directory D:\wamp\www\WCP\ThinkPHP\Library\Think\Template.class.php 第 696 行.
INFO: [ template_filter ] --START--
INFO: Run Behavior\ContentReplaceBehavior [ RunTime:0.001822s ]
INFO: [ template_filter ] --END-- [ RunTime:0.005642s ]
NOTIC: [8] Undefined variable: basetitle D:\wamp\www\WCP\Home\Runtime\Cache\Home\88afd3da6f3d8feb318962bdae86a083.php 第 7 行.
NOTIC: [8] Undefined variable: weixin2 D:\wamp\www\WCP\Home\Runtime\Cache\Home\88afd3da6f3d8feb318962bdae86a083.php 第 28 行.
NOTIC: [8] Undefined variable: weixin2 D:\wamp\www\WCP\Home\Runtime\Cache\Home\88afd3da6f3d8feb318962bdae86a083.php 第 29 行.
NOTIC: [8] Undefined variable: weixin2 D:\wamp\www\WCP\Home\Runtime\Cache\Home\88afd3da6f3d8feb318962bdae86a083.php 第 30 行.
NOTIC: [8] Undefined variable: weixin2 D:\wamp\www\WCP\Home\Runtime\Cache\Home\88afd3da6f3d8feb318962bdae86a083.php 第 31 行.
NOTIC: [8] Undefined variable: weixin2 D:\wamp\www\WCP\Home\Runtime\Cache\Home\88afd3da6f3d8feb318962bdae86a083.php 第 33 行.
NOTIC: [8] Undefined variable: weixin2 D:\wamp\www\WCP\Home\Runtime\Cache\Home\88afd3da6f3d8feb318962bdae86a083.php 第 34 行.
NOTIC: [8] Undefined variable: weixin2 D:\wamp\www\WCP\Home\Runtime\Cache\Home\88afd3da6f3d8feb318962bdae86a083.php 第 35 行.
NOTIC: [8] Undefined variable: weixin2 D:\wamp\www\WCP\Home\Runtime\Cache\Home\88afd3da6f3d8feb318962bdae86a083.php 第 36 行.
INFO: Run Behavior\ParseTemplateBehavior [ RunTime:0.094452s ]
INFO: [ view_parse ] --END-- [ RunTime:0.096491s ]
INFO: [ view_filter ] --START--
INFO: Run Behavior\WriteHtmlCacheBehavior [ RunTime:0.001275s ]
INFO: [ view_filter ] --END-- [ RunTime:0.002911s ]
INFO: [ app_end ] --START--
INFO: Run Behavior\ShowPageTraceBehavior [ RunTime:0.001575s ]
INFO: [ app_end ] --END-- [ RunTime:0.003089s ]

[ 2016-04-11T17:08:20+08:00 ] 127.0.0.1 /WCP/index.php/Home/Weixin/Test/jquery-1.11.1.min.js
INFO: [ app_init ] --START--
INFO: Run Behavior\BuildLiteBehavior [ RunTime:0.000474s ]
INFO: [ app_init ] --END-- [ RunTime:0.004188s ]
INFO: [ app_begin ] --START--
INFO: Run Behavior\ReadHtmlCacheBehavior [ RunTime:0.002300s ]
INFO: [ app_begin ] --END-- [ RunTime:0.006420s ]
ERR: 非法操作:jquery-1.11.1.min.js

[ 2016-04-11T17:08:20+08:00 ] 127.0.0.1 /WCP/index.php/Home/Weixin/Test/weixin.js
INFO: [ app_init ] --START--
INFO: Run Behavior\BuildLiteBehavior [ RunTime:0.000461s ]
INFO: [ app_init ] --END-- [ RunTime:0.003393s ]
INFO: [ app_begin ] --START--
INFO: Run Behavior\ReadHtmlCacheBehavior [ RunTime:0.002401s ]
INFO: [ app_begin ] --END-- [ RunTime:0.004825s ]
ERR: 非法操作:weixin.js

[ 2016-04-11T17:08:20+08:00 ] 127.0.0.1 /WCP/index.php/Home/Weixin/Test/test
INFO: [ app_init ] --START--
INFO: Run Behavior\BuildLiteBehavior [ RunTime:0.000234s ]
INFO: [ app_init ] --END-- [ RunTime:0.002097s ]
INFO: [ app_begin ] --START--
INFO: Run Behavior\ReadHtmlCacheBehavior [ RunTime:0.001517s ]
INFO: [ app_begin ] --END-- [ RunTime:0.003074s ]
INFO: [ view_parse ] --START--
NOTIC: [2] file_get_contents({$public_path}/Weixin/weixin.html): failed to open stream: No such file or directory D:\wamp\www\WCP\ThinkPHP\Library\Think\Template.class.php 第 696 行.
NOTIC: [2] file_get_contents({$public_path}/Weixin/weixin.html): failed to open stream: No such file or directory D:\wamp\www\WCP\ThinkPHP\Library\Think\Template.class.php 第 696 行.
INFO: [ template_filter ] --START--
INFO: Run Behavior\ContentReplaceBehavior [ RunTime:0.001505s ]
INFO: [ template_filter ] --END-- [ RunTime:0.003607s ]
NOTIC: [8] Undefined variable: basetitle D:\wamp\www\WCP\Home\Runtime\Cache\Home\88afd3da6f3d8feb318962bdae86a083.php 第 7 行.
NOTIC: [8] Undefined variable: weixin2 D:\wamp\www\WCP\Home\Runtime\Cache\Home\88afd3da6f3d8feb318962bdae86a083.php 第 28 行.
NOTIC: [8] Undefined variable: weixin2 D:\wamp\www\WCP\Home\Runtime\Cache\Home\88afd3da6f3d8feb318962bdae86a083.php 第 29 行.
NOTIC: [8] Undefined variable: weixin2 D:\wamp\www\WCP\Home\Runtime\Cache\Home\88afd3da6f3d8feb318962bdae86a083.php 第 30 行.
NOTIC: [8] Undefined variable: weixin2 D:\wamp\www\WCP\Home\Runtime\Cache\Home\88afd3da6f3d8feb318962bdae86a083.php 第 31 行.
NOTIC: [8] Undefined variable: weixin2 D:\wamp\www\WCP\Home\Runtime\Cache\Home\88afd3da6f3d8feb318962bdae86a083.php 第 33 行.
NOTIC: [8] Undefined variable: weixin2 D:\wamp\www\WCP\Home\Runtime\Cache\Home\88afd3da6f3d8feb318962bdae86a083.php 第 34 行.
NOTIC: [8] Undefined variable: weixin2 D:\wamp\www\WCP\Home\Runtime\Cache\Home\88afd3da6f3d8feb318962bdae86a083.php 第 35 行.
NOTIC: [8] Undefined variable: weixin2 D:\wamp\www\WCP\Home\Runtime\Cache\Home\88afd3da6f3d8feb318962bdae86a083.php 第 36 行.
INFO: Run Behavior\ParseTemplateBehavior [ RunTime:0.045920s ]
INFO: [ view_parse ] --END-- [ RunTime:0.047535s ]
INFO: [ view_filter ] --START--
INFO: Run Behavior\WriteHtmlCacheBehavior [ RunTime:0.001236s ]
INFO: [ view_filter ] --END-- [ RunTime:0.002723s ]
INFO: [ app_end ] --START--
INFO: Run Behavior\ShowPageTraceBehavior [ RunTime:0.001372s ]
INFO: [ app_end ] --END-- [ RunTime:0.002811s ]

[ 2016-04-11T17:08:21+08:00 ] 127.0.0.1 /WCP/index.php/Home/Weixin/Test/weixin.js
INFO: [ app_init ] --START--
INFO: Run Behavior\BuildLiteBehavior [ RunTime:0.000348s ]
INFO: [ app_init ] --END-- [ RunTime:0.002906s ]
INFO: [ app_begin ] --START--
INFO: Run Behavior\ReadHtmlCacheBehavior [ RunTime:0.002354s ]
INFO: [ app_begin ] --END-- [ RunTime:0.004763s ]
ERR: 非法操作:weixin.js

[ 2016-04-11T17:08:21+08:00 ] 127.0.0.1 /WCP/index.php/Home/Weixin/Test/jquery-1.11.1.min.js
INFO: [ app_init ] --START--
INFO: Run Behavior\BuildLiteBehavior [ RunTime:0.000277s ]
INFO: [ app_init ] --END-- [ RunTime:0.002957s ]
INFO: [ app_begin ] --START--
INFO: Run Behavior\ReadHtmlCacheBehavior [ RunTime:0.002294s ]
INFO: [ app_begin ] --END-- [ RunTime:0.004651s ]
ERR: 非法操作:jquery-1.11.1.min.js

[ 2016-04-11T17:08:21+08:00 ] 127.0.0.1 /WCP/index.php/Home/Weixin/Test/weixin.js
INFO: [ app_init ] --START--
INFO: Run Behavior\BuildLiteBehavior [ RunTime:0.000263s ]
INFO: [ app_init ] --END-- [ RunTime:0.002262s ]
INFO: [ app_begin ] --START--
INFO: Run Behavior\ReadHtmlCacheBehavior [ RunTime:0.004589s ]
INFO: [ app_begin ] --END-- [ RunTime:0.009815s ]
ERR: 非法操作:weixin.js

[ 2016-04-11T17:08:47+08:00 ] 127.0.0.1 /WCP/index.php/Home/Weixin/Test/test
INFO: [ app_init ] --START--
INFO: Run Behavior\BuildLiteBehavior [ RunTime:0.000279s ]
INFO: [ app_init ] --END-- [ RunTime:0.003387s ]
INFO: [ app_begin ] --START--
INFO: Run Behavior\ReadHtmlCacheBehavior [ RunTime:0.001704s ]
INFO: [ app_begin ] --END-- [ RunTime:0.003370s ]
INFO: [ view_parse ] --START--
NOTIC: [2] file_get_contents({$public_path}/Weixin/weixin.html): failed to open stream: No such file or directory D:\wamp\www\WCP\ThinkPHP\Library\Think\Template.class.php 第 696 行.
NOTIC: [2] file_get_contents({$public_path}/Weixin/weixin.html): failed to open stream: No such file or directory D:\wamp\www\WCP\ThinkPHP\Library\Think\Template.class.php 第 696 行.
INFO: [ template_filter ] --START--
INFO: Run Behavior\ContentReplaceBehavior [ RunTime:0.000915s ]
INFO: [ template_filter ] --END-- [ RunTime:0.002472s ]
NOTIC: [8] Undefined variable: basetitle D:\wamp\www\WCP\Home\Runtime\Cache\Home\88afd3da6f3d8feb318962bdae86a083.php 第 7 行.
NOTIC: [8] Undefined variable: weixin2 D:\wamp\www\WCP\Home\Runtime\Cache\Home\88afd3da6f3d8feb318962bdae86a083.php 第 28 行.
NOTIC: [8] Undefined variable: weixin2 D:\wamp\www\WCP\Home\Runtime\Cache\Home\88afd3da6f3d8feb318962bdae86a083.php 第 29 行.
NOTIC: [8] Undefined variable: weixin2 D:\wamp\www\WCP\Home\Runtime\Cache\Home\88afd3da6f3d8feb318962bdae86a083.php 第 30 行.
NOTIC: [8] Undefined variable: weixin2 D:\wamp\www\WCP\Home\Runtime\Cache\Home\88afd3da6f3d8feb318962bdae86a083.php 第 31 行.
NOTIC: [8] Undefined variable: weixin2 D:\wamp\www\WCP\Home\Runtime\Cache\Home\88afd3da6f3d8feb318962bdae86a083.php 第 33 行.
NOTIC: [8] Undefined variable: weixin2 D:\wamp\www\WCP\Home\Runtime\Cache\Home\88afd3da6f3d8feb318962bdae86a083.php 第 34 行.
NOTIC: [8] Undefined variable: weixin2 D:\wamp\www\WCP\Home\Runtime\Cache\Home\88afd3da6f3d8feb318962bdae86a083.php 第 35 行.
NOTIC: [8] Undefined variable: weixin2 D:\wamp\www\WCP\Home\Runtime\Cache\Home\88afd3da6f3d8feb318962bdae86a083.php 第 36 行.
INFO: Run Behavior\ParseTemplateBehavior [ RunTime:0.057615s ]
INFO: [ view_parse ] --END-- [ RunTime:0.059396s ]
INFO: [ view_filter ] --START--
INFO: Run Behavior\WriteHtmlCacheBehavior [ RunTime:0.001113s ]
INFO: [ view_filter ] --END-- [ RunTime:0.002463s ]
INFO: [ app_end ] --START--
INFO: Run Behavior\ShowPageTraceBehavior [ RunTime:0.001230s ]
INFO: [ app_end ] --END-- [ RunTime:0.002661s ]

[ 2016-04-11T17:08:48+08:00 ] 127.0.0.1 /WCP/index.php/Home/Weixin/Test/jquery-1.11.1.min.js
INFO: [ app_init ] --START--
INFO: Run Behavior\BuildLiteBehavior [ RunTime:0.000323s ]
INFO: [ app_init ] --END-- [ RunTime:0.002400s ]
INFO: [ app_begin ] --START--
INFO: Run Behavior\ReadHtmlCacheBehavior [ RunTime:0.001413s ]
INFO: [ app_begin ] --END-- [ RunTime:0.003151s ]
ERR: 非法操作:jquery-1.11.1.min.js

[ 2016-04-11T17:08:48+08:00 ] 127.0.0.1 /WCP/index.php/Home/Weixin/Test/weixin.js
INFO: [ app_init ] --START--
INFO: Run Behavior\BuildLiteBehavior [ RunTime:0.000339s ]
INFO: [ app_init ] --END-- [ RunTime:0.002786s ]
INFO: [ app_begin ] --START--
INFO: Run Behavior\ReadHtmlCacheBehavior [ RunTime:0.001616s ]
INFO: [ app_begin ] --END-- [ RunTime:0.003839s ]
ERR: 非法操作:weixin.js

