[ 2016-04-12T14:46:14+08:00 ] 127.0.0.1 /WCP/Home/PhpFunction/Directory/main
INFO: [ app_init ] --START--
INFO: Run Behavior\BuildLiteBehavior [ RunTime:0.001010s ]
INFO: [ app_init ] --END-- [ RunTime:0.021993s ]
INFO: [ app_begin ] --START--
INFO: Run Behavior\ReadHtmlCacheBehavior [ RunTime:0.003171s ]
INFO: [ app_begin ] --END-- [ RunTime:0.006138s ]
INFO: [ app_end ] --START--
INFO: Run Behavior\ShowPageTraceBehavior [ RunTime:0.002349s ]
INFO: [ app_end ] --END-- [ RunTime:0.004460s ]

[ 2016-04-12T14:46:35+08:00 ] 127.0.0.1 /WCP/Home/PhpFunction/Directory/main
INFO: [ app_init ] --START--
INFO: Run Behavior\BuildLiteBehavior [ RunTime:0.000419s ]
INFO: [ app_init ] --END-- [ RunTime:0.003731s ]
INFO: [ app_begin ] --START--
INFO: Run Behavior\ReadHtmlCacheBehavior [ RunTime:0.001405s ]
INFO: [ app_begin ] --END-- [ RunTime:0.002907s ]
INFO: [ app_end ] --START--
INFO: Run Behavior\ShowPageTraceBehavior [ RunTime:0.001491s ]
INFO: [ app_end ] --END-- [ RunTime:0.003005s ]

[ 2016-04-12T14:46:45+08:00 ] 127.0.0.1 /WCP/Home/PhpFunction/Directory/main
INFO: [ app_init ] --START--
INFO: Run Behavior\BuildLiteBehavior [ RunTime:0.000285s ]
INFO: [ app_init ] --END-- [ RunTime:0.002455s ]
INFO: [ app_begin ] --START--
INFO: Run Behavior\ReadHtmlCacheBehavior [ RunTime:0.001507s ]
INFO: [ app_begin ] --END-- [ RunTime:0.003045s ]
INFO: [ app_end ] --START--
INFO: Run Behavior\ShowPageTraceBehavior [ RunTime:0.001353s ]
INFO: [ app_end ] --END-- [ RunTime:0.002865s ]

[ 2016-04-12T14:48:09+08:00 ] 127.0.0.1 /WCP/Home/PhpFunction/Directory/main
INFO: [ app_init ] --START--
INFO: Run Behavior\BuildLiteBehavior [ RunTime:0.000250s ]
INFO: [ app_init ] --END-- [ RunTime:0.002418s ]
INFO: [ app_begin ] --START--
INFO: Run Behavior\ReadHtmlCacheBehavior [ RunTime:0.001363s ]
INFO: [ app_begin ] --END-- [ RunTime:0.002903s ]
INFO: [ app_end ] --START--
INFO: Run Behavior\ShowPageTraceBehavior [ RunTime:0.001508s ]
INFO: [ app_end ] --END-- [ RunTime:0.003069s ]

[ 2016-04-12T15:38:26+08:00 ] 127.0.0.1 /WCP/Home/PhpFunction/Miscellaneous/main
INFO: [ app_init ] --START--
INFO: Run Behavior\BuildLiteBehavior [ RunTime:0.000288s ]
INFO: [ app_init ] --END-- [ RunTime:0.002344s ]
INFO: [ app_begin ] --START--
INFO: Run Behavior\ReadHtmlCacheBehavior [ RunTime:0.001508s ]
INFO: [ app_begin ] --END-- [ RunTime:0.003017s ]
NOTIC: [2] get_browser(): browscap ini directive not set D:\wamp\www\WCP\Home\Home\Controller\PhpFunction\MiscellaneousController.class.php 第 37 行.
INFO: [ app_end ] --START--
INFO: Run Behavior\ShowPageTraceBehavior [ RunTime:0.001408s ]
INFO: [ app_end ] --END-- [ RunTime:0.002892s ]

[ 2016-04-12T15:38:54+08:00 ] 127.0.0.1 /WCP/Home/PhpFunction/Miscellaneous/main
INFO: [ app_init ] --START--
INFO: Run Behavior\BuildLiteBehavior [ RunTime:0.000302s ]
INFO: [ app_init ] --END-- [ RunTime:0.002543s ]
INFO: [ app_begin ] --START--
INFO: Run Behavior\ReadHtmlCacheBehavior [ RunTime:0.001423s ]
INFO: [ app_begin ] --END-- [ RunTime:0.003237s ]
NOTIC: [2] get_browser(): browscap ini directive not set D:\wamp\www\WCP\Home\Home\Controller\PhpFunction\MiscellaneousController.class.php 第 37 行.
INFO: [ app_end ] --START--
INFO: Run Behavior\ShowPageTraceBehavior [ RunTime:0.001528s ]
INFO: [ app_end ] --END-- [ RunTime:0.003106s ]

[ 2016-04-12T20:25:37+08:00 ] 127.0.0.1 /WCP/Home/Program/Test/test
INFO: [ app_init ] --START--
INFO: Run Behavior\BuildLiteBehavior [ RunTime:0.000308s ]
INFO: [ app_init ] --END-- [ RunTime:0.002508s ]
INFO: [ app_begin ] --START--
INFO: Run Behavior\ReadHtmlCacheBehavior [ RunTime:0.001550s ]
INFO: [ app_begin ] --END-- [ RunTime:0.003063s ]
NOTIC: [2] fopen(/WCP/Public/Images/test.txt): failed to open stream: No such file or directory D:\wamp\www\WCP\Home\Home\Controller\Program\TestController.class.php 第 25 行.
NOTIC: [2] fgets() expects parameter 1 to be resource, boolean given D:\wamp\www\WCP\Home\Home\Controller\Program\TestController.class.php 第 26 行.
SQL: SHOW COLUMNS FROM `zyd_fuweng_user` [ RunTime:0.0640s ]
SQL: SELECT * FROM `zyd_fuweng_user` WHERE `count` = 1 ORDER BY id LIMIT 1   [ RunTime:0.0008s ]
INFO: [ app_end ] --START--
INFO: Run Behavior\ShowPageTraceBehavior [ RunTime:0.002064s ]
INFO: [ app_end ] --END-- [ RunTime:0.004710s ]

[ 2016-04-12T21:11:16+08:00 ] 127.0.0.1 /WCP/Home/Program/Test/test
INFO: [ app_init ] --START--
INFO: Run Behavior\BuildLiteBehavior [ RunTime:0.000388s ]
INFO: [ app_init ] --END-- [ RunTime:0.003359s ]
INFO: [ app_begin ] --START--
INFO: Run Behavior\ReadHtmlCacheBehavior [ RunTime:0.001578s ]
INFO: [ app_begin ] --END-- [ RunTime:0.003342s ]
INFO: [ app_end ] --START--
INFO: Run Behavior\ShowPageTraceBehavior [ RunTime:0.001404s ]
INFO: [ app_end ] --END-- [ RunTime:0.002910s ]

[ 2016-04-12T21:14:28+08:00 ] 127.0.0.1 /WCP/Home/Program/Test/test
INFO: [ app_init ] --START--
INFO: Run Behavior\BuildLiteBehavior [ RunTime:0.000254s ]
INFO: [ app_init ] --END-- [ RunTime:0.002447s ]
INFO: [ app_begin ] --START--
INFO: Run Behavior\ReadHtmlCacheBehavior [ RunTime:0.001451s ]
INFO: [ app_begin ] --END-- [ RunTime:0.003099s ]
INFO: [ app_end ] --START--
INFO: Run Behavior\ShowPageTraceBehavior [ RunTime:0.001599s ]
INFO: [ app_end ] --END-- [ RunTime:0.003370s ]

[ 2016-04-12T21:14:29+08:00 ] 127.0.0.1 /WCP/Home/Program/Test/test
INFO: [ app_init ] --START--
INFO: Run Behavior\BuildLiteBehavior [ RunTime:0.000248s ]
INFO: [ app_init ] --END-- [ RunTime:0.002292s ]
INFO: [ app_begin ] --START--
INFO: Run Behavior\ReadHtmlCacheBehavior [ RunTime:0.001370s ]
INFO: [ app_begin ] --END-- [ RunTime:0.002930s ]
NOTIC: [2] mysqli::mysqli(): (HY000/1045): Access denied for user ''@'localhost' (using password: YES) D:\wamp\www\WCP\Home\Home\Controller\Program\TestController.class.php 第 38 行.

[ 2016-04-12T21:14:33+08:00 ] 127.0.0.1 /WCP/Home/Program/Test/test
INFO: [ app_init ] --START--
INFO: Run Behavior\BuildLiteBehavior [ RunTime:0.000530s ]
INFO: [ app_init ] --END-- [ RunTime:0.004690s ]
INFO: [ app_begin ] --START--
INFO: Run Behavior\ReadHtmlCacheBehavior [ RunTime:0.002678s ]
INFO: [ app_begin ] --END-- [ RunTime:0.005762s ]
NOTIC: [2] mysqli::mysqli(): (HY000/1045): Access denied for user ''@'localhost' (using password: YES) D:\wamp\www\WCP\Home\Home\Controller\Program\TestController.class.php 第 38 行.

[ 2016-04-12T21:14:46+08:00 ] 127.0.0.1 /WCP/Home/Program/Test/test
INFO: [ app_init ] --START--
INFO: Run Behavior\BuildLiteBehavior [ RunTime:0.000257s ]
INFO: [ app_init ] --END-- [ RunTime:0.002353s ]
INFO: [ app_begin ] --START--
INFO: Run Behavior\ReadHtmlCacheBehavior [ RunTime:0.002487s ]
INFO: [ app_begin ] --END-- [ RunTime:0.005404s ]
NOTIC: [2] mysqli::mysqli(): (HY000/1045): Access denied for user ''@'localhost' (using password: YES) D:\wamp\www\WCP\Home\Home\Controller\Program\TestController.class.php 第 38 行.
NOTIC: [2] var_dump(): Property access is not allowed yet D:\wamp\www\WCP\ThinkPHP\Common\functions.php 第 842 行.
NOTIC: [2] var_dump(): Property access is not allowed yet D:\wamp\www\WCP\ThinkPHP\Common\functions.php 第 842 行.
NOTIC: [2] var_dump(): Couldn't fetch mysqli D:\wamp\www\WCP\ThinkPHP\Common\functions.php 第 842 行.
NOTIC: [2] var_dump(): Couldn't fetch mysqli D:\wamp\www\WCP\ThinkPHP\Common\functions.php 第 842 行.
NOTIC: [2] var_dump(): Property access is not allowed yet D:\wamp\www\WCP\ThinkPHP\Common\functions.php 第 842 行.
NOTIC: [2] var_dump(): Couldn't fetch mysqli D:\wamp\www\WCP\ThinkPHP\Common\functions.php 第 842 行.
NOTIC: [2] var_dump(): Couldn't fetch mysqli D:\wamp\www\WCP\ThinkPHP\Common\functions.php 第 842 行.
NOTIC: [2] var_dump(): Couldn't fetch mysqli D:\wamp\www\WCP\ThinkPHP\Common\functions.php 第 842 行.
NOTIC: [2] var_dump(): Couldn't fetch mysqli D:\wamp\www\WCP\ThinkPHP\Common\functions.php 第 842 行.
NOTIC: [2] var_dump(): Couldn't fetch mysqli D:\wamp\www\WCP\ThinkPHP\Common\functions.php 第 842 行.
NOTIC: [2] var_dump(): Couldn't fetch mysqli D:\wamp\www\WCP\ThinkPHP\Common\functions.php 第 842 行.
NOTIC: [2] var_dump(): Property access is not allowed yet D:\wamp\www\WCP\ThinkPHP\Common\functions.php 第 842 行.
NOTIC: [2] var_dump(): Couldn't fetch mysqli D:\wamp\www\WCP\ThinkPHP\Common\functions.php 第 842 行.
NOTIC: [2] var_dump(): Couldn't fetch mysqli D:\wamp\www\WCP\ThinkPHP\Common\functions.php 第 842 行.
NOTIC: [2] var_dump(): Couldn't fetch mysqli D:\wamp\www\WCP\ThinkPHP\Common\functions.php 第 842 行.
NOTIC: [2] var_dump(): Couldn't fetch mysqli D:\wamp\www\WCP\ThinkPHP\Common\functions.php 第 842 行.
INFO: [ app_end ] --START--
INFO: Run Behavior\ShowPageTraceBehavior [ RunTime:0.001561s ]
INFO: [ app_end ] --END-- [ RunTime:0.003201s ]

[ 2016-04-12T21:14:57+08:00 ] 127.0.0.1 /WCP/Home/Program/Test/test
INFO: [ app_init ] --START--
INFO: Run Behavior\BuildLiteBehavior [ RunTime:0.000434s ]
INFO: [ app_init ] --END-- [ RunTime:0.003946s ]
INFO: [ app_begin ] --START--
INFO: Run Behavior\ReadHtmlCacheBehavior [ RunTime:0.001364s ]
INFO: [ app_begin ] --END-- [ RunTime:0.002881s ]
NOTIC: [2] mysqli::mysqli(): (HY000/1045): Access denied for user ''@'localhost' (using password: YES) D:\wamp\www\WCP\Home\Home\Controller\Program\TestController.class.php 第 38 行.
NOTIC: [2] var_dump(): Property access is not allowed yet D:\wamp\www\WCP\ThinkPHP\Common\functions.php 第 842 行.
NOTIC: [2] var_dump(): Property access is not allowed yet D:\wamp\www\WCP\ThinkPHP\Common\functions.php 第 842 行.
NOTIC: [2] var_dump(): Couldn't fetch mysqli D:\wamp\www\WCP\ThinkPHP\Common\functions.php 第 842 行.
NOTIC: [2] var_dump(): Couldn't fetch mysqli D:\wamp\www\WCP\ThinkPHP\Common\functions.php 第 842 行.
NOTIC: [2] var_dump(): Property access is not allowed yet D:\wamp\www\WCP\ThinkPHP\Common\functions.php 第 842 行.
NOTIC: [2] var_dump(): Couldn't fetch mysqli D:\wamp\www\WCP\ThinkPHP\Common\functions.php 第 842 行.
NOTIC: [2] var_dump(): Couldn't fetch mysqli D:\wamp\www\WCP\ThinkPHP\Common\functions.php 第 842 行.
NOTIC: [2] var_dump(): Couldn't fetch mysqli D:\wamp\www\WCP\ThinkPHP\Common\functions.php 第 842 行.
NOTIC: [2] var_dump(): Couldn't fetch mysqli D:\wamp\www\WCP\ThinkPHP\Common\functions.php 第 842 行.
NOTIC: [2] var_dump(): Couldn't fetch mysqli D:\wamp\www\WCP\ThinkPHP\Common\functions.php 第 842 行.
NOTIC: [2] var_dump(): Couldn't fetch mysqli D:\wamp\www\WCP\ThinkPHP\Common\functions.php 第 842 行.
NOTIC: [2] var_dump(): Property access is not allowed yet D:\wamp\www\WCP\ThinkPHP\Common\functions.php 第 842 行.
NOTIC: [2] var_dump(): Couldn't fetch mysqli D:\wamp\www\WCP\ThinkPHP\Common\functions.php 第 842 行.
NOTIC: [2] var_dump(): Couldn't fetch mysqli D:\wamp\www\WCP\ThinkPHP\Common\functions.php 第 842 行.
NOTIC: [2] var_dump(): Couldn't fetch mysqli D:\wamp\www\WCP\ThinkPHP\Common\functions.php 第 842 行.
NOTIC: [2] var_dump(): Couldn't fetch mysqli D:\wamp\www\WCP\ThinkPHP\Common\functions.php 第 842 行.
INFO: [ app_end ] --START--
INFO: Run Behavior\ShowPageTraceBehavior [ RunTime:0.001471s ]
INFO: [ app_end ] --END-- [ RunTime:0.003038s ]

[ 2016-04-12T21:14:58+08:00 ] 127.0.0.1 /WCP/Home/Program/Test/test
INFO: [ app_init ] --START--
INFO: Run Behavior\BuildLiteBehavior [ RunTime:0.000247s ]
INFO: [ app_init ] --END-- [ RunTime:0.002322s ]
INFO: [ app_begin ] --START--
INFO: Run Behavior\ReadHtmlCacheBehavior [ RunTime:0.001437s ]
INFO: [ app_begin ] --END-- [ RunTime:0.002929s ]
INFO: [ app_end ] --START--
INFO: Run Behavior\ShowPageTraceBehavior [ RunTime:0.001372s ]
INFO: [ app_end ] --END-- [ RunTime:0.002896s ]

[ 2016-04-12T21:16:01+08:00 ] 127.0.0.1 /WCP/Home/Program/Test/test
INFO: [ app_init ] --START--
INFO: Run Behavior\BuildLiteBehavior [ RunTime:0.000300s ]
INFO: [ app_init ] --END-- [ RunTime:0.002655s ]
INFO: [ app_begin ] --START--
INFO: Run Behavior\ReadHtmlCacheBehavior [ RunTime:0.001797s ]
INFO: [ app_begin ] --END-- [ RunTime:0.003577s ]
INFO: [ app_end ] --START--
INFO: Run Behavior\ShowPageTraceBehavior [ RunTime:0.001285s ]
INFO: [ app_end ] --END-- [ RunTime:0.003100s ]

[ 2016-04-12T21:27:01+08:00 ] 127.0.0.1 /WCP/Home/Program/Test/test
INFO: [ app_init ] --START--
INFO: Run Behavior\BuildLiteBehavior [ RunTime:0.000294s ]
INFO: [ app_init ] --END-- [ RunTime:0.003177s ]
INFO: [ app_begin ] --START--
INFO: Run Behavior\ReadHtmlCacheBehavior [ RunTime:0.001627s ]
INFO: [ app_begin ] --END-- [ RunTime:0.003284s ]
INFO: [ app_end ] --START--
INFO: Run Behavior\ShowPageTraceBehavior [ RunTime:0.001606s ]
INFO: [ app_end ] --END-- [ RunTime:0.003460s ]

[ 2016-04-12T21:28:44+08:00 ] 127.0.0.1 /WCP/Home/Program/Test/test
INFO: [ app_init ] --START--
INFO: Run Behavior\BuildLiteBehavior [ RunTime:0.000255s ]
INFO: [ app_init ] --END-- [ RunTime:0.002503s ]
INFO: [ app_begin ] --START--
INFO: Run Behavior\ReadHtmlCacheBehavior [ RunTime:0.001485s ]
INFO: [ app_begin ] --END-- [ RunTime:0.003081s ]
INFO: [ app_end ] --START--
INFO: Run Behavior\ShowPageTraceBehavior [ RunTime:0.001513s ]
INFO: [ app_end ] --END-- [ RunTime:0.002973s ]

[ 2016-04-12T21:28:47+08:00 ] 127.0.0.1 /WCP/Home/Program/Test/test
INFO: [ app_init ] --START--
INFO: Run Behavior\BuildLiteBehavior [ RunTime:0.000252s ]
INFO: [ app_init ] --END-- [ RunTime:0.002621s ]
INFO: [ app_begin ] --START--
INFO: Run Behavior\ReadHtmlCacheBehavior [ RunTime:0.001419s ]
INFO: [ app_begin ] --END-- [ RunTime:0.003080s ]
INFO: [ app_end ] --START--
INFO: Run Behavior\ShowPageTraceBehavior [ RunTime:0.002031s ]
INFO: [ app_end ] --END-- [ RunTime:0.004069s ]

[ 2016-04-12T21:28:48+08:00 ] 127.0.0.1 /WCP/Home/Program/Test/test
INFO: [ app_init ] --START--
INFO: Run Behavior\BuildLiteBehavior [ RunTime:0.000277s ]
INFO: [ app_init ] --END-- [ RunTime:0.002764s ]
INFO: [ app_begin ] --START--
INFO: Run Behavior\ReadHtmlCacheBehavior [ RunTime:0.001356s ]
INFO: [ app_begin ] --END-- [ RunTime:0.002922s ]
INFO: [ app_end ] --START--
INFO: Run Behavior\ShowPageTraceBehavior [ RunTime:0.001471s ]
INFO: [ app_end ] --END-- [ RunTime:0.003172s ]

[ 2016-04-12T21:28:49+08:00 ] 127.0.0.1 /WCP/Home/Program/Test/test
INFO: [ app_init ] --START--
INFO: Run Behavior\BuildLiteBehavior [ RunTime:0.000641s ]
INFO: [ app_init ] --END-- [ RunTime:0.003290s ]
INFO: [ app_begin ] --START--
INFO: Run Behavior\ReadHtmlCacheBehavior [ RunTime:0.001265s ]
INFO: [ app_begin ] --END-- [ RunTime:0.002853s ]
INFO: [ app_end ] --START--
INFO: Run Behavior\ShowPageTraceBehavior [ RunTime:0.001380s ]
INFO: [ app_end ] --END-- [ RunTime:0.003038s ]

[ 2016-04-12T21:28:50+08:00 ] 127.0.0.1 /WCP/Home/Program/Test/test
INFO: [ app_init ] --START--
INFO: Run Behavior\BuildLiteBehavior [ RunTime:0.000249s ]
INFO: [ app_init ] --END-- [ RunTime:0.002293s ]
INFO: [ app_begin ] --START--
INFO: Run Behavior\ReadHtmlCacheBehavior [ RunTime:0.001465s ]
INFO: [ app_begin ] --END-- [ RunTime:0.003016s ]
INFO: [ app_end ] --START--
INFO: Run Behavior\ShowPageTraceBehavior [ RunTime:0.001502s ]
INFO: [ app_end ] --END-- [ RunTime:0.003049s ]

[ 2016-04-12T21:28:51+08:00 ] 127.0.0.1 /WCP/Home/Program/Test/test
INFO: [ app_init ] --START--
INFO: Run Behavior\BuildLiteBehavior [ RunTime:0.000248s ]
INFO: [ app_init ] --END-- [ RunTime:0.002652s ]
INFO: [ app_begin ] --START--
INFO: Run Behavior\ReadHtmlCacheBehavior [ RunTime:0.001255s ]
INFO: [ app_begin ] --END-- [ RunTime:0.002729s ]
INFO: [ app_end ] --START--
INFO: Run Behavior\ShowPageTraceBehavior [ RunTime:0.001403s ]
INFO: [ app_end ] --END-- [ RunTime:0.003051s ]

[ 2016-04-12T21:28:52+08:00 ] 127.0.0.1 /WCP/Home/Program/Test/test
INFO: [ app_init ] --START--
INFO: Run Behavior\BuildLiteBehavior [ RunTime:0.000333s ]
INFO: [ app_init ] --END-- [ RunTime:0.002936s ]
INFO: [ app_begin ] --START--
INFO: Run Behavior\ReadHtmlCacheBehavior [ RunTime:0.001368s ]
INFO: [ app_begin ] --END-- [ RunTime:0.003618s ]
INFO: [ app_end ] --START--
INFO: Run Behavior\ShowPageTraceBehavior [ RunTime:0.001419s ]
INFO: [ app_end ] --END-- [ RunTime:0.002967s ]

[ 2016-04-12T21:28:53+08:00 ] 127.0.0.1 /WCP/Home/Program/Test/test
INFO: [ app_init ] --START--
INFO: Run Behavior\BuildLiteBehavior [ RunTime:0.000245s ]
INFO: [ app_init ] --END-- [ RunTime:0.002728s ]
INFO: [ app_begin ] --START--
INFO: Run Behavior\ReadHtmlCacheBehavior [ RunTime:0.001322s ]
INFO: [ app_begin ] --END-- [ RunTime:0.002836s ]
INFO: [ app_end ] --START--
INFO: Run Behavior\ShowPageTraceBehavior [ RunTime:0.001443s ]
INFO: [ app_end ] --END-- [ RunTime:0.003088s ]

[ 2016-04-12T21:29:19+08:00 ] 127.0.0.1 /WCP/Home/Program/Test/test
INFO: [ app_init ] --START--
INFO: Run Behavior\BuildLiteBehavior [ RunTime:0.000251s ]
INFO: [ app_init ] --END-- [ RunTime:0.002444s ]
INFO: [ app_begin ] --START--
INFO: Run Behavior\ReadHtmlCacheBehavior [ RunTime:0.001419s ]
INFO: [ app_begin ] --END-- [ RunTime:0.002967s ]
INFO: [ app_end ] --START--
INFO: Run Behavior\ShowPageTraceBehavior [ RunTime:0.001557s ]
INFO: [ app_end ] --END-- [ RunTime:0.002980s ]

[ 2016-04-12T21:29:19+08:00 ] 127.0.0.1 /WCP/Home/Program/Test/test
INFO: [ app_init ] --START--
INFO: Run Behavior\BuildLiteBehavior [ RunTime:0.000357s ]
INFO: [ app_init ] --END-- [ RunTime:0.002466s ]
INFO: [ app_begin ] --START--
INFO: Run Behavior\ReadHtmlCacheBehavior [ RunTime:0.001475s ]
INFO: [ app_begin ] --END-- [ RunTime:0.002992s ]
INFO: [ app_end ] --START--
INFO: Run Behavior\ShowPageTraceBehavior [ RunTime:0.001376s ]
INFO: [ app_end ] --END-- [ RunTime:0.002957s ]

[ 2016-04-12T21:30:21+08:00 ] 127.0.0.1 /WCP/Home/Program/Test/test
INFO: [ app_init ] --START--
INFO: Run Behavior\BuildLiteBehavior [ RunTime:0.000283s ]
INFO: [ app_init ] --END-- [ RunTime:0.002757s ]
INFO: [ app_begin ] --START--
INFO: Run Behavior\ReadHtmlCacheBehavior [ RunTime:0.001391s ]
INFO: [ app_begin ] --END-- [ RunTime:0.002976s ]
INFO: [ app_end ] --START--
INFO: Run Behavior\ShowPageTraceBehavior [ RunTime:0.001384s ]
INFO: [ app_end ] --END-- [ RunTime:0.003619s ]

[ 2016-04-12T21:30:23+08:00 ] 127.0.0.1 /WCP/Home/Program/Test/test
INFO: [ app_init ] --START--
INFO: Run Behavior\BuildLiteBehavior [ RunTime:0.000279s ]
INFO: [ app_init ] --END-- [ RunTime:0.002443s ]
INFO: [ app_begin ] --START--
INFO: Run Behavior\ReadHtmlCacheBehavior [ RunTime:0.001522s ]
INFO: [ app_begin ] --END-- [ RunTime:0.003655s ]
INFO: [ app_end ] --START--
INFO: Run Behavior\ShowPageTraceBehavior [ RunTime:0.001364s ]
INFO: [ app_end ] --END-- [ RunTime:0.002921s ]

[ 2016-04-12T21:40:35+08:00 ] 127.0.0.1 /WCP/Home/Program/Test/test
INFO: [ app_init ] --START--
INFO: Run Behavior\BuildLiteBehavior [ RunTime:0.000250s ]
INFO: [ app_init ] --END-- [ RunTime:0.002689s ]
INFO: [ app_begin ] --START--
INFO: Run Behavior\ReadHtmlCacheBehavior [ RunTime:0.001451s ]
INFO: [ app_begin ] --END-- [ RunTime:0.003000s ]
INFO: [ app_end ] --START--
INFO: Run Behavior\ShowPageTraceBehavior [ RunTime:0.001481s ]
INFO: [ app_end ] --END-- [ RunTime:0.003132s ]

[ 2016-04-12T21:40:46+08:00 ] 127.0.0.1 /WCP/Home/Program/Test/test
INFO: [ app_init ] --START--
INFO: Run Behavior\BuildLiteBehavior [ RunTime:0.000431s ]
INFO: [ app_init ] --END-- [ RunTime:0.003042s ]
INFO: [ app_begin ] --START--
INFO: Run Behavior\ReadHtmlCacheBehavior [ RunTime:0.001437s ]
INFO: [ app_begin ] --END-- [ RunTime:0.002953s ]
INFO: [ app_end ] --START--
INFO: Run Behavior\ShowPageTraceBehavior [ RunTime:0.001536s ]
INFO: [ app_end ] --END-- [ RunTime:0.002962s ]

[ 2016-04-12T21:40:46+08:00 ] 127.0.0.1 /WCP/Home/Program/Test/test
INFO: [ app_init ] --START--
INFO: Run Behavior\BuildLiteBehavior [ RunTime:0.000252s ]
INFO: [ app_init ] --END-- [ RunTime:0.002440s ]
INFO: [ app_begin ] --START--
INFO: Run Behavior\ReadHtmlCacheBehavior [ RunTime:0.001327s ]
INFO: [ app_begin ] --END-- [ RunTime:0.002970s ]
NOTIC: [2] var_dump(): MySQL server has gone away D:\wamp\www\WCP\ThinkPHP\Common\functions.php 第 842 行.
INFO: [ app_end ] --START--
INFO: Run Behavior\ShowPageTraceBehavior [ RunTime:0.001363s ]
INFO: [ app_end ] --END-- [ RunTime:0.002879s ]

[ 2016-04-12T21:48:46+08:00 ] 127.0.0.1 /WCP/Home/Program/Test/test
INFO: [ app_init ] --START--
INFO: Run Behavior\BuildLiteBehavior [ RunTime:0.000483s ]
INFO: [ app_init ] --END-- [ RunTime:0.003860s ]
INFO: [ app_begin ] --START--
INFO: Run Behavior\ReadHtmlCacheBehavior [ RunTime:0.001551s ]
INFO: [ app_begin ] --END-- [ RunTime:0.003056s ]
NOTIC: [2] var_dump(): MySQL server has gone away D:\wamp\www\WCP\ThinkPHP\Common\functions.php 第 842 行.
INFO: [ app_end ] --START--
INFO: Run Behavior\ShowPageTraceBehavior [ RunTime:0.001572s ]
INFO: [ app_end ] --END-- [ RunTime:0.003156s ]

[ 2016-04-12T21:48:47+08:00 ] 127.0.0.1 /WCP/Home/Program/Test/test
INFO: [ app_init ] --START--
INFO: Run Behavior\BuildLiteBehavior [ RunTime:0.000989s ]
INFO: [ app_init ] --END-- [ RunTime:0.008792s ]
INFO: [ app_begin ] --START--
INFO: Run Behavior\ReadHtmlCacheBehavior [ RunTime:0.003440s ]
INFO: [ app_begin ] --END-- [ RunTime:0.008536s ]
NOTIC: [2] var_dump(): MySQL server has gone away D:\wamp\www\WCP\ThinkPHP\Common\functions.php 第 842 行.
INFO: [ app_end ] --START--
INFO: Run Behavior\ShowPageTraceBehavior [ RunTime:0.002819s ]
INFO: [ app_end ] --END-- [ RunTime:0.005807s ]

[ 2016-04-12T21:48:48+08:00 ] 127.0.0.1 /WCP/Home/Program/Test/test
INFO: [ app_init ] --START--
INFO: Run Behavior\BuildLiteBehavior [ RunTime:0.000250s ]
INFO: [ app_init ] --END-- [ RunTime:0.002570s ]
INFO: [ app_begin ] --START--
INFO: Run Behavior\ReadHtmlCacheBehavior [ RunTime:0.001275s ]
INFO: [ app_begin ] --END-- [ RunTime:0.002785s ]
NOTIC: [2] var_dump(): MySQL server has gone away D:\wamp\www\WCP\ThinkPHP\Common\functions.php 第 842 行.
INFO: [ app_end ] --START--
INFO: Run Behavior\ShowPageTraceBehavior [ RunTime:0.001386s ]
INFO: [ app_end ] --END-- [ RunTime:0.002853s ]

[ 2016-04-12T21:54:25+08:00 ] 127.0.0.1 /WCP/Home/Program/Test/test
INFO: [ app_init ] --START--
INFO: Run Behavior\BuildLiteBehavior [ RunTime:0.000282s ]
INFO: [ app_init ] --END-- [ RunTime:0.002490s ]
INFO: [ app_begin ] --START--
INFO: Run Behavior\ReadHtmlCacheBehavior [ RunTime:0.001393s ]
INFO: [ app_begin ] --END-- [ RunTime:0.002937s ]
INFO: [ app_end ] --START--
INFO: Run Behavior\ShowPageTraceBehavior [ RunTime:0.001485s ]
INFO: [ app_end ] --END-- [ RunTime:0.003062s ]

[ 2016-04-12T22:01:03+08:00 ] 127.0.0.1 /WCP/Home/Program/Test/test
INFO: [ app_init ] --START--
INFO: Run Behavior\BuildLiteBehavior [ RunTime:0.000285s ]
INFO: [ app_init ] --END-- [ RunTime:0.002409s ]
INFO: [ app_begin ] --START--
INFO: Run Behavior\ReadHtmlCacheBehavior [ RunTime:0.001547s ]
INFO: [ app_begin ] --END-- [ RunTime:0.003078s ]
INFO: [ app_end ] --START--
INFO: Run Behavior\ShowPageTraceBehavior [ RunTime:0.001498s ]
INFO: [ app_end ] --END-- [ RunTime:0.003036s ]

[ 2016-04-12T22:01:57+08:00 ] 127.0.0.1 /WCP/Home/Program/Test/test
INFO: [ app_init ] --START--
INFO: Run Behavior\BuildLiteBehavior [ RunTime:0.000350s ]
INFO: [ app_init ] --END-- [ RunTime:0.003070s ]
INFO: [ app_begin ] --START--
INFO: Run Behavior\ReadHtmlCacheBehavior [ RunTime:0.002003s ]
INFO: [ app_begin ] --END-- [ RunTime:0.004148s ]
INFO: [ app_end ] --START--
INFO: Run Behavior\ShowPageTraceBehavior [ RunTime:0.001550s ]
INFO: [ app_end ] --END-- [ RunTime:0.003314s ]

[ 2016-04-12T22:03:58+08:00 ] 127.0.0.1 /WCP/Home/Program/Test/test
INFO: [ app_init ] --START--
INFO: Run Behavior\BuildLiteBehavior [ RunTime:0.000254s ]
INFO: [ app_init ] --END-- [ RunTime:0.002464s ]
INFO: [ app_begin ] --START--
INFO: Run Behavior\ReadHtmlCacheBehavior [ RunTime:0.001582s ]
INFO: [ app_begin ] --END-- [ RunTime:0.003269s ]
NOTIC: [2] var_dump(): Property access is not allowed yet D:\wamp\www\WCP\ThinkPHP\Common\functions.php 第 842 行.
NOTIC: [2] var_dump(): Property access is not allowed yet D:\wamp\www\WCP\ThinkPHP\Common\functions.php 第 842 行.
NOTIC: [2] var_dump(): Couldn't fetch mysqli D:\wamp\www\WCP\ThinkPHP\Common\functions.php 第 842 行.
NOTIC: [2] var_dump(): Couldn't fetch mysqli D:\wamp\www\WCP\ThinkPHP\Common\functions.php 第 842 行.
NOTIC: [2] var_dump(): Property access is not allowed yet D:\wamp\www\WCP\ThinkPHP\Common\functions.php 第 842 行.
NOTIC: [2] var_dump(): Couldn't fetch mysqli D:\wamp\www\WCP\ThinkPHP\Common\functions.php 第 842 行.
NOTIC: [2] var_dump(): Couldn't fetch mysqli D:\wamp\www\WCP\ThinkPHP\Common\functions.php 第 842 行.
NOTIC: [2] var_dump(): Couldn't fetch mysqli D:\wamp\www\WCP\ThinkPHP\Common\functions.php 第 842 行.
NOTIC: [2] var_dump(): Couldn't fetch mysqli D:\wamp\www\WCP\ThinkPHP\Common\functions.php 第 842 行.
NOTIC: [2] var_dump(): Couldn't fetch mysqli D:\wamp\www\WCP\ThinkPHP\Common\functions.php 第 842 行.
NOTIC: [2] var_dump(): Couldn't fetch mysqli D:\wamp\www\WCP\ThinkPHP\Common\functions.php 第 842 行.
NOTIC: [2] var_dump(): Property access is not allowed yet D:\wamp\www\WCP\ThinkPHP\Common\functions.php 第 842 行.
NOTIC: [2] var_dump(): Couldn't fetch mysqli D:\wamp\www\WCP\ThinkPHP\Common\functions.php 第 842 行.
NOTIC: [2] var_dump(): Couldn't fetch mysqli D:\wamp\www\WCP\ThinkPHP\Common\functions.php 第 842 行.
NOTIC: [2] var_dump(): Couldn't fetch mysqli D:\wamp\www\WCP\ThinkPHP\Common\functions.php 第 842 行.
NOTIC: [2] var_dump(): Couldn't fetch mysqli D:\wamp\www\WCP\ThinkPHP\Common\functions.php 第 842 行.
INFO: [ app_end ] --START--
INFO: Run Behavior\ShowPageTraceBehavior [ RunTime:0.001530s ]
INFO: [ app_end ] --END-- [ RunTime:0.003050s ]

[ 2016-04-12T22:04:13+08:00 ] 127.0.0.1 /WCP/Home/Program/Test/test
INFO: [ app_init ] --START--
INFO: Run Behavior\BuildLiteBehavior [ RunTime:0.000257s ]
INFO: [ app_init ] --END-- [ RunTime:0.002468s ]
INFO: [ app_begin ] --START--
INFO: Run Behavior\ReadHtmlCacheBehavior [ RunTime:0.001484s ]
INFO: [ app_begin ] --END-- [ RunTime:0.002985s ]
NOTIC: [2] var_dump(): Property access is not allowed yet D:\wamp\www\WCP\ThinkPHP\Common\functions.php 第 842 行.
NOTIC: [2] var_dump(): Property access is not allowed yet D:\wamp\www\WCP\ThinkPHP\Common\functions.php 第 842 行.
NOTIC: [2] var_dump(): Couldn't fetch mysqli D:\wamp\www\WCP\ThinkPHP\Common\functions.php 第 842 行.
NOTIC: [2] var_dump(): Couldn't fetch mysqli D:\wamp\www\WCP\ThinkPHP\Common\functions.php 第 842 行.
NOTIC: [2] var_dump(): Property access is not allowed yet D:\wamp\www\WCP\ThinkPHP\Common\functions.php 第 842 行.
NOTIC: [2] var_dump(): Couldn't fetch mysqli D:\wamp\www\WCP\ThinkPHP\Common\functions.php 第 842 行.
NOTIC: [2] var_dump(): Couldn't fetch mysqli D:\wamp\www\WCP\ThinkPHP\Common\functions.php 第 842 行.
NOTIC: [2] var_dump(): Couldn't fetch mysqli D:\wamp\www\WCP\ThinkPHP\Common\functions.php 第 842 行.
NOTIC: [2] var_dump(): Couldn't fetch mysqli D:\wamp\www\WCP\ThinkPHP\Common\functions.php 第 842 行.
NOTIC: [2] var_dump(): Couldn't fetch mysqli D:\wamp\www\WCP\ThinkPHP\Common\functions.php 第 842 行.
NOTIC: [2] var_dump(): Couldn't fetch mysqli D:\wamp\www\WCP\ThinkPHP\Common\functions.php 第 842 行.
NOTIC: [2] var_dump(): Property access is not allowed yet D:\wamp\www\WCP\ThinkPHP\Common\functions.php 第 842 行.
NOTIC: [2] var_dump(): Couldn't fetch mysqli D:\wamp\www\WCP\ThinkPHP\Common\functions.php 第 842 行.
NOTIC: [2] var_dump(): Couldn't fetch mysqli D:\wamp\www\WCP\ThinkPHP\Common\functions.php 第 842 行.
NOTIC: [2] var_dump(): Couldn't fetch mysqli D:\wamp\www\WCP\ThinkPHP\Common\functions.php 第 842 行.
NOTIC: [2] var_dump(): Couldn't fetch mysqli D:\wamp\www\WCP\ThinkPHP\Common\functions.php 第 842 行.
INFO: [ app_end ] --START--
INFO: Run Behavior\ShowPageTraceBehavior [ RunTime:0.001898s ]
INFO: [ app_end ] --END-- [ RunTime:0.003741s ]

[ 2016-04-12T22:04:28+08:00 ] 127.0.0.1 /WCP/Home/Program/Test/test
INFO: [ app_init ] --START--
INFO: Run Behavior\BuildLiteBehavior [ RunTime:0.000282s ]
INFO: [ app_init ] --END-- [ RunTime:0.002972s ]
INFO: [ app_begin ] --START--
INFO: Run Behavior\ReadHtmlCacheBehavior [ RunTime:0.002076s ]
INFO: [ app_begin ] --END-- [ RunTime:0.004194s ]
INFO: [ app_end ] --START--
INFO: Run Behavior\ShowPageTraceBehavior [ RunTime:0.001420s ]
INFO: [ app_end ] --END-- [ RunTime:0.003007s ]

[ 2016-04-12T22:09:27+08:00 ] 127.0.0.1 /WCP/Home/Program/Test/test
INFO: [ app_init ] --START--
INFO: Run Behavior\BuildLiteBehavior [ RunTime:0.000454s ]
INFO: [ app_init ] --END-- [ RunTime:0.003783s ]
INFO: [ app_begin ] --START--
INFO: Run Behavior\ReadHtmlCacheBehavior [ RunTime:0.001478s ]
INFO: [ app_begin ] --END-- [ RunTime:0.003033s ]
INFO: [ app_end ] --START--
INFO: Run Behavior\ShowPageTraceBehavior [ RunTime:0.001528s ]
INFO: [ app_end ] --END-- [ RunTime:0.003130s ]

[ 2016-04-12T22:14:10+08:00 ] 127.0.0.1 /WCP/Home/Program/Test/test
INFO: [ app_init ] --START--
INFO: Run Behavior\BuildLiteBehavior [ RunTime:0.000278s ]
INFO: [ app_init ] --END-- [ RunTime:0.003190s ]
INFO: [ app_begin ] --START--
INFO: Run Behavior\ReadHtmlCacheBehavior [ RunTime:0.001423s ]
INFO: [ app_begin ] --END-- [ RunTime:0.003181s ]
INFO: [ app_end ] --START--
INFO: Run Behavior\ShowPageTraceBehavior [ RunTime:0.002412s ]
INFO: [ app_end ] --END-- [ RunTime:0.005074s ]

[ 2016-04-12T22:15:31+08:00 ] 127.0.0.1 /WCP/Home/Program/Test/test
INFO: [ app_init ] --START--
INFO: Run Behavior\BuildLiteBehavior [ RunTime:0.000288s ]
INFO: [ app_init ] --END-- [ RunTime:0.002483s ]
INFO: [ app_begin ] --START--
INFO: Run Behavior\ReadHtmlCacheBehavior [ RunTime:0.001506s ]
INFO: [ app_begin ] --END-- [ RunTime:0.003067s ]
INFO: [ app_end ] --START--
INFO: Run Behavior\ShowPageTraceBehavior [ RunTime:0.002724s ]
INFO: [ app_end ] --END-- [ RunTime:0.005883s ]

[ 2016-04-12T22:22:47+08:00 ] 127.0.0.1 /WCP/Home/Program/Test/test
INFO: [ app_init ] --START--
INFO: Run Behavior\BuildLiteBehavior [ RunTime:0.000252s ]
INFO: [ app_init ] --END-- [ RunTime:0.002506s ]
INFO: [ app_begin ] --START--
INFO: Run Behavior\ReadHtmlCacheBehavior [ RunTime:0.001497s ]
INFO: [ app_begin ] --END-- [ RunTime:0.003023s ]

[ 2016-04-12T22:24:19+08:00 ] 127.0.0.1 /WCP/Home/Program/Test/test
INFO: [ app_init ] --START--
INFO: Run Behavior\BuildLiteBehavior [ RunTime:0.000384s ]
INFO: [ app_init ] --END-- [ RunTime:0.003031s ]
INFO: [ app_begin ] --START--
INFO: Run Behavior\ReadHtmlCacheBehavior [ RunTime:0.001483s ]
INFO: [ app_begin ] --END-- [ RunTime:0.003095s ]

[ 2016-04-12T22:30:02+08:00 ] 127.0.0.1 /WCP/Home/Program/Test/test
INFO: [ app_init ] --START--
INFO: Run Behavior\BuildLiteBehavior [ RunTime:0.000255s ]
INFO: [ app_init ] --END-- [ RunTime:0.002634s ]
INFO: [ app_begin ] --START--
INFO: Run Behavior\ReadHtmlCacheBehavior [ RunTime:0.001591s ]
INFO: [ app_begin ] --END-- [ RunTime:0.003287s ]
NOTIC: [2] mysqli::mysqli(): (HY000/1044): Access denied for user 'helen'@'%' to database 'vistor' D:\wamp\www\WCP\Home\Home\Controller\Program\TestController.class.php 第 38 行.
NOTIC: [2] mysqli_query(): Couldn't fetch mysqli D:\wamp\www\WCP\Home\Home\Controller\Program\TestController.class.php 第 40 行.
NOTIC: [8] Trying to get property of non-object D:\wamp\www\WCP\Home\Home\Controller\Program\TestController.class.php 第 41 行.

[ 2016-04-12T22:30:03+08:00 ] 127.0.0.1 /WCP/Home/Program/Test/test
INFO: [ app_init ] --START--
INFO: Run Behavior\BuildLiteBehavior [ RunTime:0.000393s ]
INFO: [ app_init ] --END-- [ RunTime:0.003009s ]
INFO: [ app_begin ] --START--
INFO: Run Behavior\ReadHtmlCacheBehavior [ RunTime:0.001404s ]
INFO: [ app_begin ] --END-- [ RunTime:0.002965s ]
NOTIC: [2] mysqli::mysqli(): (HY000/1044): Access denied for user 'helen'@'%' to database 'vistor' D:\wamp\www\WCP\Home\Home\Controller\Program\TestController.class.php 第 38 行.
NOTIC: [2] mysqli_query(): Couldn't fetch mysqli D:\wamp\www\WCP\Home\Home\Controller\Program\TestController.class.php 第 40 行.
NOTIC: [8] Trying to get property of non-object D:\wamp\www\WCP\Home\Home\Controller\Program\TestController.class.php 第 41 行.

[ 2016-04-12T22:30:04+08:00 ] 127.0.0.1 /WCP/Home/Program/Test/test
INFO: [ app_init ] --START--
INFO: Run Behavior\BuildLiteBehavior [ RunTime:0.000254s ]
INFO: [ app_init ] --END-- [ RunTime:0.002420s ]
INFO: [ app_begin ] --START--
INFO: Run Behavior\ReadHtmlCacheBehavior [ RunTime:0.001530s ]
INFO: [ app_begin ] --END-- [ RunTime:0.003526s ]
NOTIC: [2] mysqli::mysqli(): (HY000/1044): Access denied for user 'helen'@'%' to database 'vistor' D:\wamp\www\WCP\Home\Home\Controller\Program\TestController.class.php 第 38 行.
NOTIC: [2] mysqli_query(): Couldn't fetch mysqli D:\wamp\www\WCP\Home\Home\Controller\Program\TestController.class.php 第 40 行.
NOTIC: [8] Trying to get property of non-object D:\wamp\www\WCP\Home\Home\Controller\Program\TestController.class.php 第 41 行.

[ 2016-04-12T22:30:05+08:00 ] 127.0.0.1 /WCP/Home/Program/Test/test
INFO: [ app_init ] --START--
INFO: Run Behavior\BuildLiteBehavior [ RunTime:0.000253s ]
INFO: [ app_init ] --END-- [ RunTime:0.002369s ]
INFO: [ app_begin ] --START--
INFO: Run Behavior\ReadHtmlCacheBehavior [ RunTime:0.001529s ]
INFO: [ app_begin ] --END-- [ RunTime:0.003001s ]
NOTIC: [2] mysqli::mysqli(): (HY000/1044): Access denied for user 'helen'@'%' to database 'vistor' D:\wamp\www\WCP\Home\Home\Controller\Program\TestController.class.php 第 38 行.
NOTIC: [2] mysqli_query(): Couldn't fetch mysqli D:\wamp\www\WCP\Home\Home\Controller\Program\TestController.class.php 第 40 行.
NOTIC: [8] Trying to get property of non-object D:\wamp\www\WCP\Home\Home\Controller\Program\TestController.class.php 第 41 行.

[ 2016-04-12T22:30:20+08:00 ] 127.0.0.1 /WCP/Home/Program/Test/test
INFO: [ app_init ] --START--
INFO: Run Behavior\BuildLiteBehavior [ RunTime:0.000259s ]
INFO: [ app_init ] --END-- [ RunTime:0.002517s ]
INFO: [ app_begin ] --START--
INFO: Run Behavior\ReadHtmlCacheBehavior [ RunTime:0.001476s ]
INFO: [ app_begin ] --END-- [ RunTime:0.002932s ]
NOTIC: [2] mysqli::mysqli(): (HY000/1049): Unknown database 'vistor' D:\wamp\www\WCP\Home\Home\Controller\Program\TestController.class.php 第 38 行.
NOTIC: [2] mysqli_query(): Couldn't fetch mysqli D:\wamp\www\WCP\Home\Home\Controller\Program\TestController.class.php 第 40 行.
NOTIC: [8] Trying to get property of non-object D:\wamp\www\WCP\Home\Home\Controller\Program\TestController.class.php 第 41 行.

[ 2016-04-12T22:30:20+08:00 ] 127.0.0.1 /WCP/Home/Program/Test/test
INFO: [ app_init ] --START--
INFO: Run Behavior\BuildLiteBehavior [ RunTime:0.000407s ]
INFO: [ app_init ] --END-- [ RunTime:0.002861s ]
INFO: [ app_begin ] --START--
INFO: Run Behavior\ReadHtmlCacheBehavior [ RunTime:0.001496s ]
INFO: [ app_begin ] --END-- [ RunTime:0.003139s ]
NOTIC: [2] mysqli::mysqli(): (HY000/1049): Unknown database 'vistor' D:\wamp\www\WCP\Home\Home\Controller\Program\TestController.class.php 第 38 行.
NOTIC: [2] mysqli_query(): Couldn't fetch mysqli D:\wamp\www\WCP\Home\Home\Controller\Program\TestController.class.php 第 40 行.
NOTIC: [8] Trying to get property of non-object D:\wamp\www\WCP\Home\Home\Controller\Program\TestController.class.php 第 41 行.

[ 2016-04-12T22:30:20+08:00 ] 127.0.0.1 /WCP/Home/Program/Test/test
INFO: [ app_init ] --START--
INFO: Run Behavior\BuildLiteBehavior [ RunTime:0.000307s ]
INFO: [ app_init ] --END-- [ RunTime:0.002430s ]
INFO: [ app_begin ] --START--
INFO: Run Behavior\ReadHtmlCacheBehavior [ RunTime:0.001464s ]
INFO: [ app_begin ] --END-- [ RunTime:0.003127s ]
NOTIC: [2] mysqli::mysqli(): (HY000/1049): Unknown database 'vistor' D:\wamp\www\WCP\Home\Home\Controller\Program\TestController.class.php 第 38 行.
NOTIC: [2] mysqli_query(): Couldn't fetch mysqli D:\wamp\www\WCP\Home\Home\Controller\Program\TestController.class.php 第 40 行.
NOTIC: [8] Trying to get property of non-object D:\wamp\www\WCP\Home\Home\Controller\Program\TestController.class.php 第 41 行.

[ 2016-04-12T22:30:21+08:00 ] 127.0.0.1 /WCP/Home/Program/Test/test
INFO: [ app_init ] --START--
INFO: Run Behavior\BuildLiteBehavior [ RunTime:0.000341s ]
INFO: [ app_init ] --END-- [ RunTime:0.003173s ]
INFO: [ app_begin ] --START--
INFO: Run Behavior\ReadHtmlCacheBehavior [ RunTime:0.001559s ]
INFO: [ app_begin ] --END-- [ RunTime:0.003621s ]
NOTIC: [2] mysqli::mysqli(): (HY000/1049): Unknown database 'vistor' D:\wamp\www\WCP\Home\Home\Controller\Program\TestController.class.php 第 38 行.
NOTIC: [2] mysqli_query(): Couldn't fetch mysqli D:\wamp\www\WCP\Home\Home\Controller\Program\TestController.class.php 第 40 行.
NOTIC: [8] Trying to get property of non-object D:\wamp\www\WCP\Home\Home\Controller\Program\TestController.class.php 第 41 行.

[ 2016-04-12T22:30:37+08:00 ] 127.0.0.1 /WCP/Home/Program/Test/test
INFO: [ app_init ] --START--
INFO: Run Behavior\BuildLiteBehavior [ RunTime:0.000305s ]
INFO: [ app_init ] --END-- [ RunTime:0.002411s ]
INFO: [ app_begin ] --START--
INFO: Run Behavior\ReadHtmlCacheBehavior [ RunTime:0.001463s ]
INFO: [ app_begin ] --END-- [ RunTime:0.002975s ]
NOTIC: [8] Undefined index: Tables_in_weixin D:\wamp\www\WCP\Home\Home\Controller\Program\TestController.class.php 第 49 行.

[ 2016-04-12T22:30:39+08:00 ] 127.0.0.1 /WCP/Home/Program/Test/test
INFO: [ app_init ] --START--
INFO: Run Behavior\BuildLiteBehavior [ RunTime:0.000268s ]
INFO: [ app_init ] --END-- [ RunTime:0.002388s ]
INFO: [ app_begin ] --START--
INFO: Run Behavior\ReadHtmlCacheBehavior [ RunTime:0.001351s ]
INFO: [ app_begin ] --END-- [ RunTime:0.002982s ]
NOTIC: [8] Undefined index: Tables_in_weixin D:\wamp\www\WCP\Home\Home\Controller\Program\TestController.class.php 第 49 行.

[ 2016-04-12T22:30:39+08:00 ] 127.0.0.1 /WCP/Home/Program/Test/test
INFO: [ app_init ] --START--
INFO: Run Behavior\BuildLiteBehavior [ RunTime:0.000479s ]
INFO: [ app_init ] --END-- [ RunTime:0.004117s ]
INFO: [ app_begin ] --START--
INFO: Run Behavior\ReadHtmlCacheBehavior [ RunTime:0.002928s ]
INFO: [ app_begin ] --END-- [ RunTime:0.007336s ]
NOTIC: [8] Undefined index: Tables_in_weixin D:\wamp\www\WCP\Home\Home\Controller\Program\TestController.class.php 第 49 行.

[ 2016-04-12T22:30:39+08:00 ] 127.0.0.1 /WCP/Home/Program/Test/test
INFO: [ app_init ] --START--
INFO: Run Behavior\BuildLiteBehavior [ RunTime:0.000501s ]
INFO: [ app_init ] --END-- [ RunTime:0.003973s ]
INFO: [ app_begin ] --START--
INFO: Run Behavior\ReadHtmlCacheBehavior [ RunTime:0.001397s ]
INFO: [ app_begin ] --END-- [ RunTime:0.003342s ]
NOTIC: [8] Undefined index: Tables_in_weixin D:\wamp\www\WCP\Home\Home\Controller\Program\TestController.class.php 第 49 行.

[ 2016-04-12T22:30:40+08:00 ] 127.0.0.1 /WCP/Home/Program/Test/test
INFO: [ app_init ] --START--
INFO: Run Behavior\BuildLiteBehavior [ RunTime:0.000461s ]
INFO: [ app_init ] --END-- [ RunTime:0.003555s ]
INFO: [ app_begin ] --START--
INFO: Run Behavior\ReadHtmlCacheBehavior [ RunTime:0.001439s ]
INFO: [ app_begin ] --END-- [ RunTime:0.003490s ]
NOTIC: [8] Undefined index: Tables_in_weixin D:\wamp\www\WCP\Home\Home\Controller\Program\TestController.class.php 第 49 行.

[ 2016-04-12T22:30:40+08:00 ] 127.0.0.1 /WCP/Home/Program/Test/test
INFO: [ app_init ] --START--
INFO: Run Behavior\BuildLiteBehavior [ RunTime:0.000264s ]
INFO: [ app_init ] --END-- [ RunTime:0.002472s ]
INFO: [ app_begin ] --START--
INFO: Run Behavior\ReadHtmlCacheBehavior [ RunTime:0.001285s ]
INFO: [ app_begin ] --END-- [ RunTime:0.002795s ]
NOTIC: [8] Undefined index: Tables_in_weixin D:\wamp\www\WCP\Home\Home\Controller\Program\TestController.class.php 第 49 行.

[ 2016-04-12T22:30:40+08:00 ] 127.0.0.1 /WCP/Home/Program/Test/test
INFO: [ app_init ] --START--
INFO: Run Behavior\BuildLiteBehavior [ RunTime:0.000254s ]
INFO: [ app_init ] --END-- [ RunTime:0.002437s ]
INFO: [ app_begin ] --START--
INFO: Run Behavior\ReadHtmlCacheBehavior [ RunTime:0.001352s ]
INFO: [ app_begin ] --END-- [ RunTime:0.002934s ]
NOTIC: [8] Undefined index: Tables_in_weixin D:\wamp\www\WCP\Home\Home\Controller\Program\TestController.class.php 第 49 行.

[ 2016-04-12T22:30:40+08:00 ] 127.0.0.1 /WCP/Home/Program/Test/test
INFO: [ app_init ] --START--
INFO: Run Behavior\BuildLiteBehavior [ RunTime:0.000273s ]
INFO: [ app_init ] --END-- [ RunTime:0.002319s ]
INFO: [ app_begin ] --START--
INFO: Run Behavior\ReadHtmlCacheBehavior [ RunTime:0.001317s ]
INFO: [ app_begin ] --END-- [ RunTime:0.002833s ]
NOTIC: [8] Undefined index: Tables_in_weixin D:\wamp\www\WCP\Home\Home\Controller\Program\TestController.class.php 第 49 行.

[ 2016-04-12T22:30:52+08:00 ] 127.0.0.1 /WCP/Home/Program/Test/test
INFO: [ app_init ] --START--
INFO: Run Behavior\BuildLiteBehavior [ RunTime:0.000255s ]
INFO: [ app_init ] --END-- [ RunTime:0.002394s ]
INFO: [ app_begin ] --START--
INFO: Run Behavior\ReadHtmlCacheBehavior [ RunTime:0.001401s ]
INFO: [ app_begin ] --END-- [ RunTime:0.003147s ]

[ 2016-04-12T22:32:34+08:00 ] 127.0.0.1 /WCP/Home/Program/Test/test
INFO: [ app_init ] --START--
INFO: Run Behavior\BuildLiteBehavior [ RunTime:0.000286s ]
INFO: [ app_init ] --END-- [ RunTime:0.002567s ]
INFO: [ app_begin ] --START--
INFO: Run Behavior\ReadHtmlCacheBehavior [ RunTime:0.001327s ]
INFO: [ app_begin ] --END-- [ RunTime:0.003011s ]

[ 2016-04-12T22:35:02+08:00 ] 127.0.0.1 /WCP/Home/Program/Test/test
INFO: [ app_init ] --START--
INFO: Run Behavior\BuildLiteBehavior [ RunTime:0.000317s ]
INFO: [ app_init ] --END-- [ RunTime:0.002488s ]
INFO: [ app_begin ] --START--
INFO: Run Behavior\ReadHtmlCacheBehavior [ RunTime:0.001524s ]
INFO: [ app_begin ] --END-- [ RunTime:0.003079s ]
NOTIC: [2] array_push() expects parameter 1 to be array, null given D:\wamp\www\WCP\Home\Home\Controller\Program\TestController.class.php 第 51 行.
NOTIC: [2] array_push() expects parameter 1 to be array, null given D:\wamp\www\WCP\Home\Home\Controller\Program\TestController.class.php 第 51 行.
NOTIC: [2] array_push() expects parameter 1 to be array, null given D:\wamp\www\WCP\Home\Home\Controller\Program\TestController.class.php 第 51 行.
NOTIC: [2] array_push() expects parameter 1 to be array, null given D:\wamp\www\WCP\Home\Home\Controller\Program\TestController.class.php 第 51 行.
NOTIC: [2] array_push() expects parameter 1 to be array, null given D:\wamp\www\WCP\Home\Home\Controller\Program\TestController.class.php 第 51 行.

[ 2016-04-12T22:35:19+08:00 ] 127.0.0.1 /WCP/Home/Program/Test/test
INFO: [ app_init ] --START--
INFO: Run Behavior\BuildLiteBehavior [ RunTime:0.000334s ]
INFO: [ app_init ] --END-- [ RunTime:0.002447s ]
INFO: [ app_begin ] --START--
INFO: Run Behavior\ReadHtmlCacheBehavior [ RunTime:0.001517s ]
INFO: [ app_begin ] --END-- [ RunTime:0.003047s ]
NOTIC: [2] array_push() expects parameter 1 to be array, null given D:\wamp\www\WCP\Home\Home\Controller\Program\TestController.class.php 第 51 行.
NOTIC: [2] array_push() expects parameter 1 to be array, null given D:\wamp\www\WCP\Home\Home\Controller\Program\TestController.class.php 第 51 行.
NOTIC: [2] array_push() expects parameter 1 to be array, null given D:\wamp\www\WCP\Home\Home\Controller\Program\TestController.class.php 第 51 行.
NOTIC: [2] array_push() expects parameter 1 to be array, null given D:\wamp\www\WCP\Home\Home\Controller\Program\TestController.class.php 第 51 行.
NOTIC: [2] array_push() expects parameter 1 to be array, null given D:\wamp\www\WCP\Home\Home\Controller\Program\TestController.class.php 第 51 行.

[ 2016-04-12T22:43:51+08:00 ] 127.0.0.1 /WCP/Home/Program/Test/test
INFO: [ app_init ] --START--
INFO: Run Behavior\BuildLiteBehavior [ RunTime:0.000267s ]
INFO: [ app_init ] --END-- [ RunTime:0.002451s ]
INFO: [ app_begin ] --START--
INFO: Run Behavior\ReadHtmlCacheBehavior [ RunTime:0.001826s ]
INFO: [ app_begin ] --END-- [ RunTime:0.003637s ]
NOTIC: [2] array_push() expects parameter 1 to be array, null given D:\wamp\www\WCP\Home\Home\Controller\Program\TestController.class.php 第 49 行.
NOTIC: [2] array_push() expects parameter 1 to be array, null given D:\wamp\www\WCP\Home\Home\Controller\Program\TestController.class.php 第 49 行.
NOTIC: [2] array_push() expects parameter 1 to be array, null given D:\wamp\www\WCP\Home\Home\Controller\Program\TestController.class.php 第 49 行.
NOTIC: [2] array_push() expects parameter 1 to be array, null given D:\wamp\www\WCP\Home\Home\Controller\Program\TestController.class.php 第 49 行.
NOTIC: [2] array_push() expects parameter 1 to be array, null given D:\wamp\www\WCP\Home\Home\Controller\Program\TestController.class.php 第 49 行.

[ 2016-04-12T22:44:25+08:00 ] 127.0.0.1 /WCP/Home/Program/Test/test
INFO: [ app_init ] --START--
INFO: Run Behavior\BuildLiteBehavior [ RunTime:0.000250s ]
INFO: [ app_init ] --END-- [ RunTime:0.002720s ]
INFO: [ app_begin ] --START--
INFO: Run Behavior\ReadHtmlCacheBehavior [ RunTime:0.001723s ]
INFO: [ app_begin ] --END-- [ RunTime:0.003319s ]
NOTIC: [2] array_push() expects parameter 1 to be array, null given D:\wamp\www\WCP\Home\Home\Controller\Program\TestController.class.php 第 49 行.
NOTIC: [2] array_push() expects parameter 1 to be array, null given D:\wamp\www\WCP\Home\Home\Controller\Program\TestController.class.php 第 49 行.
NOTIC: [2] array_push() expects parameter 1 to be array, null given D:\wamp\www\WCP\Home\Home\Controller\Program\TestController.class.php 第 49 行.
NOTIC: [2] array_push() expects parameter 1 to be array, null given D:\wamp\www\WCP\Home\Home\Controller\Program\TestController.class.php 第 49 行.
NOTIC: [2] array_push() expects parameter 1 to be array, null given D:\wamp\www\WCP\Home\Home\Controller\Program\TestController.class.php 第 49 行.

[ 2016-04-12T22:45:16+08:00 ] 127.0.0.1 /WCP/Home/Program/Test/test
INFO: [ app_init ] --START--
INFO: Run Behavior\BuildLiteBehavior [ RunTime:0.000259s ]
INFO: [ app_init ] --END-- [ RunTime:0.002816s ]
INFO: [ app_begin ] --START--
INFO: Run Behavior\ReadHtmlCacheBehavior [ RunTime:0.001718s ]
INFO: [ app_begin ] --END-- [ RunTime:0.003261s ]
NOTIC: [2] array_push() expects parameter 1 to be array, null given D:\wamp\www\WCP\Home\Home\Controller\Program\TestController.class.php 第 49 行.
NOTIC: [2] array_push() expects parameter 1 to be array, null given D:\wamp\www\WCP\Home\Home\Controller\Program\TestController.class.php 第 49 行.
NOTIC: [2] array_push() expects parameter 1 to be array, null given D:\wamp\www\WCP\Home\Home\Controller\Program\TestController.class.php 第 49 行.
NOTIC: [2] array_push() expects parameter 1 to be array, null given D:\wamp\www\WCP\Home\Home\Controller\Program\TestController.class.php 第 49 行.
NOTIC: [2] array_push() expects parameter 1 to be array, null given D:\wamp\www\WCP\Home\Home\Controller\Program\TestController.class.php 第 49 行.

[ 2016-04-12T22:45:37+08:00 ] 127.0.0.1 /WCP/Home/Program/Test/test
INFO: [ app_init ] --START--
INFO: Run Behavior\BuildLiteBehavior [ RunTime:0.000252s ]
INFO: [ app_init ] --END-- [ RunTime:0.002663s ]
INFO: [ app_begin ] --START--
INFO: Run Behavior\ReadHtmlCacheBehavior [ RunTime:0.001572s ]
INFO: [ app_begin ] --END-- [ RunTime:0.003281s ]
NOTIC: [2] array_push() expects parameter 1 to be array, null given D:\wamp\www\WCP\Home\Home\Controller\Program\TestController.class.php 第 47 行.
NOTIC: [2] array_push() expects parameter 1 to be array, null given D:\wamp\www\WCP\Home\Home\Controller\Program\TestController.class.php 第 47 行.
NOTIC: [2] array_push() expects parameter 1 to be array, null given D:\wamp\www\WCP\Home\Home\Controller\Program\TestController.class.php 第 47 行.
NOTIC: [2] array_push() expects parameter 1 to be array, null given D:\wamp\www\WCP\Home\Home\Controller\Program\TestController.class.php 第 47 行.
NOTIC: [2] array_push() expects parameter 1 to be array, null given D:\wamp\www\WCP\Home\Home\Controller\Program\TestController.class.php 第 47 行.

[ 2016-04-12T22:45:38+08:00 ] 127.0.0.1 /WCP/Home/Program/Test/test
INFO: [ app_init ] --START--
INFO: Run Behavior\BuildLiteBehavior [ RunTime:0.000278s ]
INFO: [ app_init ] --END-- [ RunTime:0.002813s ]
INFO: [ app_begin ] --START--
INFO: Run Behavior\ReadHtmlCacheBehavior [ RunTime:0.001360s ]
INFO: [ app_begin ] --END-- [ RunTime:0.002929s ]

[ 2016-04-12T22:54:00+08:00 ] 127.0.0.1 /WCP/Home/Program/Test/test
INFO: [ app_init ] --START--
INFO: Run Behavior\BuildLiteBehavior [ RunTime:0.000249s ]
INFO: [ app_init ] --END-- [ RunTime:0.002756s ]
INFO: [ app_begin ] --START--
INFO: Run Behavior\ReadHtmlCacheBehavior [ RunTime:0.001528s ]
INFO: [ app_begin ] --END-- [ RunTime:0.003115s ]

[ 2016-04-12T22:54:32+08:00 ] 127.0.0.1 /WCP/Home/Program/Test/test
INFO: [ app_init ] --START--
INFO: Run Behavior\BuildLiteBehavior [ RunTime:0.000292s ]
INFO: [ app_init ] --END-- [ RunTime:0.002363s ]
INFO: [ app_begin ] --START--
INFO: Run Behavior\ReadHtmlCacheBehavior [ RunTime:0.001549s ]
INFO: [ app_begin ] --END-- [ RunTime:0.003182s ]

[ 2016-04-12T22:54:33+08:00 ] 127.0.0.1 /WCP/Home/Program/Test/test
INFO: [ app_init ] --START--
INFO: Run Behavior\BuildLiteBehavior [ RunTime:0.000420s ]
INFO: [ app_init ] --END-- [ RunTime:0.003664s ]
INFO: [ app_begin ] --START--
INFO: Run Behavior\ReadHtmlCacheBehavior [ RunTime:0.002207s ]
INFO: [ app_begin ] --END-- [ RunTime:0.004921s ]

[ 2016-04-12T22:55:16+08:00 ] 127.0.0.1 /WCP/Home/Program/Test/test
INFO: [ app_init ] --START--
INFO: Run Behavior\BuildLiteBehavior [ RunTime:0.000801s ]
INFO: [ app_init ] --END-- [ RunTime:0.003984s ]
INFO: [ app_begin ] --START--
INFO: Run Behavior\ReadHtmlCacheBehavior [ RunTime:0.001433s ]
INFO: [ app_begin ] --END-- [ RunTime:0.003051s ]

[ 2016-04-12T22:55:23+08:00 ] 127.0.0.1 /WCP/Home/Program/Test/test
INFO: [ app_init ] --START--
INFO: Run Behavior\BuildLiteBehavior [ RunTime:0.000324s ]
INFO: [ app_init ] --END-- [ RunTime:0.003197s ]
INFO: [ app_begin ] --START--
INFO: Run Behavior\ReadHtmlCacheBehavior [ RunTime:0.001488s ]
INFO: [ app_begin ] --END-- [ RunTime:0.003462s ]

[ 2016-04-12T22:55:26+08:00 ] 127.0.0.1 /WCP/Home/Program/Test/test
INFO: [ app_init ] --START--
INFO: Run Behavior\BuildLiteBehavior [ RunTime:0.000252s ]
INFO: [ app_init ] --END-- [ RunTime:0.002571s ]
INFO: [ app_begin ] --START--
INFO: Run Behavior\ReadHtmlCacheBehavior [ RunTime:0.001381s ]
INFO: [ app_begin ] --END-- [ RunTime:0.003019s ]

[ 2016-04-12T22:58:36+08:00 ] 127.0.0.1 /WCP/Home/Program/Test/test
INFO: [ app_init ] --START--
INFO: Run Behavior\BuildLiteBehavior [ RunTime:0.000322s ]
INFO: [ app_init ] --END-- [ RunTime:0.002442s ]
INFO: [ app_begin ] --START--
INFO: Run Behavior\ReadHtmlCacheBehavior [ RunTime:0.001549s ]
INFO: [ app_begin ] --END-- [ RunTime:0.003239s ]

